[0.009s] Invoking command in '/home/gowthama/gowtham_ws/build/bot_world': CMAKE_PREFIX_PATH=/home/gowthama/gowtham_ws/install/bot_world:/home/gowthama/gowtham_ws/install/robot_control:/home/gowthama/gowtham_ws/install/gowtham_ros:/home/gowthama/gowtham_ws/install/bot_description:/home/gowthama/ros2_ws/install/ydlidar_sdk:/home/gowthama/ros2_ws/install/ydlidar_ros2_driver:/opt/ros/humble:/home/gowthama/ros2_ws/install/custom_robot_description:/home/gowthama/ros2_ws/install/aws_robomaker_hospital_world /usr/bin/cmake --build /home/gowthama/gowtham_ws/build/bot_world -- -j12 -l12
[0.026s] -- Found ament_cmake: 1.3.11 (/opt/ros/humble/share/ament_cmake/cmake)
[0.119s] -- Override CMake install command with custom implementation using symlinks instead of copying resources
[0.135s] -- Found rclcpp: 16.0.12 (/opt/ros/humble/share/rclcpp/cmake)
[0.213s] -- Found rosidl_generator_c: 3.1.6 (/opt/ros/humble/share/rosidl_generator_c/cmake)
[0.220s] -- Found rosidl_adapter: 3.1.6 (/opt/ros/humble/share/rosidl_adapter/cmake)
[0.231s] -- Found rosidl_generator_cpp: 3.1.6 (/opt/ros/humble/share/rosidl_generator_cpp/cmake)
[0.248s] -- Using all available rosidl_typesupport_c: rosidl_typesupport_fastrtps_c;rosidl_typesupport_introspection_c
[0.268s] -- Using all available rosidl_typesupport_cpp: rosidl_typesupport_fastrtps_cpp;rosidl_typesupport_introspection_cpp
[0.323s] -- Found rmw_implementation_cmake: 6.1.2 (/opt/ros/humble/share/rmw_implementation_cmake/cmake)
[0.326s] -- Found rmw_fastrtps_cpp: 6.2.7 (/opt/ros/humble/share/rmw_fastrtps_cpp/cmake)
[0.429s] -- Found OpenSSL: /usr/lib/x86_64-linux-gnu/libcrypto.so (found version "3.0.2")  
[0.457s] -- Found FastRTPS: /opt/ros/humble/include  
[0.497s] -- Using RMW implementation 'rmw_fastrtps_cpp' as default
[0.510s] -- Looking for pthread.h
[0.611s] -- Looking for pthread.h - found
[0.612s] -- Performing Test CMAKE_HAVE_LIBC_PTHREAD
[0.676s] -- Performing Test CMAKE_HAVE_LIBC_PTHREAD - Success
[0.677s] -- Found Threads: TRUE  
[0.736s] -- Found geometry_msgs: 4.8.0 (/opt/ros/humble/share/geometry_msgs/cmake)
[0.751s] -- Found sensor_msgs: 4.8.0 (/opt/ros/humble/share/sensor_msgs/cmake)
[0.767s] -- Found ament_lint_auto: 0.12.12 (/opt/ros/humble/share/ament_lint_auto/cmake)
[0.821s] -- Added test 'copyright' to check source files copyright and LICENSE
[0.822s] -- Added test 'cppcheck' to perform static code analysis on C / C++ code
[0.822s] -- Configured cppcheck include dirs: 
[0.822s] -- Configured cppcheck exclude dirs and/or files: 
[0.823s] -- Added test 'cpplint' to check C / C++ code against the Google style
[0.823s] -- Configured cpplint exclude dirs and/or files: 
[0.823s] -- Added test 'flake8' to check Python code syntax and style conventions
[0.824s] -- Added test 'lint_cmake' to check CMake code style
[0.824s] -- Added test 'pep257' to check Python code against some of the docstring style conventions in PEP 257
[0.825s] -- Added test 'uncrustify' to check C / C++ code style
[0.825s] -- Configured uncrustify additional arguments: 
[0.825s] -- Added test 'xmllint' to check XML markup files
[0.826s] -- Configuring done
[0.829s] [31mCMake Error at CMakeLists.txt:37 (add_executable):
[0.829s]   Cannot find source file:
[0.829s] 
[0.829s]     src/scripts/reading_laser.cpp
[0.829s] 
[0.829s]   Tried extensions .c .C .c++ .cc .cpp .cxx .cu .mpp .m .M .mm .ixx .cppm .h
[0.829s]   .hh .h++ .hm .hpp .hxx .in .txx .f .F .for .f77 .f90 .f95 .f03 .hip .ispc
[0.829s] 
[0.829s] [0m
[0.829s] [31mCMake Error at CMakeLists.txt:37 (add_executable):
[0.829s]   No SOURCES given to target: reading_laser
[0.830s] 
[0.830s] [0m
[0.830s] [0mCMake Generate step failed.  Build files cannot be regenerated correctly.[0m
[0.836s] gmake: *** [Makefile:226: cmake_check_build_system] Error 1
[0.838s] Invoked command in '/home/gowthama/gowtham_ws/build/bot_world' returned '2': CMAKE_PREFIX_PATH=/home/gowthama/gowtham_ws/install/bot_world:/home/gowthama/gowtham_ws/install/robot_control:/home/gowthama/gowtham_ws/install/gowtham_ros:/home/gowthama/gowtham_ws/install/bot_description:/home/gowthama/ros2_ws/install/ydlidar_sdk:/home/gowthama/ros2_ws/install/ydlidar_ros2_driver:/opt/ros/humble:/home/gowthama/ros2_ws/install/custom_robot_description:/home/gowthama/ros2_ws/install/aws_robomaker_hospital_world /usr/bin/cmake --build /home/gowthama/gowtham_ws/build/bot_world -- -j12 -l12
