[0.015s] Invoking command in '/home/gowthama/gowtham_ws/build/bot_world': CMAKE_PREFIX_PATH=/home/gowthama/gowtham_ws/install/robot_control:/home/gowthama/gowtham_ws/install/gowtham_ros:/home/gowthama/gowtham_ws/install/bot_description:/home/gowthama/ros2_ws/install/ydlidar_sdk:/home/gowthama/ros2_ws/install/ydlidar_ros2_driver:/opt/ros/humble:/home/gowthama/ros2_ws/install/custom_robot_description:/home/gowthama/ros2_ws/install/aws_robomaker_hospital_world /usr/bin/cmake /home/gowthama/gowtham_ws/src/bot_world -DAMENT_CMAKE_SYMLINK_INSTALL=1 -DCMAKE_INSTALL_PREFIX=/home/gowthama/gowtham_ws/install/bot_world
[0.084s] -- The C compiler identification is GNU 11.4.0
[0.158s] -- The CXX compiler identification is GNU 11.4.0
[0.168s] -- Detecting C compiler ABI info
[0.274s] -- Detecting C compiler ABI info - done
[0.282s] -- Check for working C compiler: /usr/bin/cc - skipped
[0.283s] -- Detecting C compile features
[0.283s] -- Detecting C compile features - done
[0.287s] -- Detecting CXX compiler ABI info
[0.394s] -- Detecting CXX compiler ABI info - done
[0.402s] -- Check for working CXX compiler: /usr/bin/c++ - skipped
[0.403s] -- Detecting CXX compile features
[0.403s] -- Detecting CXX compile features - done
[0.407s] -- Found ament_cmake: 1.3.11 (/opt/ros/humble/share/ament_cmake/cmake)
[0.588s] -- Found Python3: /usr/bin/python3 (found version "3.10.12") found components: Interpreter 
[0.660s] -- Override CMake install command with custom implementation using symlinks instead of copying resources
[0.705s] -- Found ament_lint_auto: 0.12.12 (/opt/ros/humble/share/ament_lint_auto/cmake)
[0.802s] -- Added test 'flake8' to check Python code syntax and style conventions
[0.803s] -- Added test 'lint_cmake' to check CMake code style
[0.803s] -- Added test 'pep257' to check Python code against some of the docstring style conventions in PEP 257
[0.805s] -- Added test 'xmllint' to check XML markup files
[0.807s] -- Configuring done
[0.811s] -- Generating done
[0.813s] -- Build files have been written to: /home/gowthama/gowtham_ws/build/bot_world
[0.820s] Invoked command in '/home/gowthama/gowtham_ws/build/bot_world' returned '0': CMAKE_PREFIX_PATH=/home/gowthama/gowtham_ws/install/robot_control:/home/gowthama/gowtham_ws/install/gowtham_ros:/home/gowthama/gowtham_ws/install/bot_description:/home/gowthama/ros2_ws/install/ydlidar_sdk:/home/gowthama/ros2_ws/install/ydlidar_ros2_driver:/opt/ros/humble:/home/gowthama/ros2_ws/install/custom_robot_description:/home/gowthama/ros2_ws/install/aws_robomaker_hospital_world /usr/bin/cmake /home/gowthama/gowtham_ws/src/bot_world -DAMENT_CMAKE_SYMLINK_INSTALL=1 -DCMAKE_INSTALL_PREFIX=/home/gowthama/gowtham_ws/install/bot_world
[0.822s] Invoking command in '/home/gowthama/gowtham_ws/build/bot_world': CMAKE_PREFIX_PATH=/home/gowthama/gowtham_ws/install/robot_control:/home/gowthama/gowtham_ws/install/gowtham_ros:/home/gowthama/gowtham_ws/install/bot_description:/home/gowthama/ros2_ws/install/ydlidar_sdk:/home/gowthama/ros2_ws/install/ydlidar_ros2_driver:/opt/ros/humble:/home/gowthama/ros2_ws/install/custom_robot_description:/home/gowthama/ros2_ws/install/aws_robomaker_hospital_world /usr/bin/cmake --build /home/gowthama/gowtham_ws/build/bot_world -- -j12 -l12
[0.875s] Invoked command in '/home/gowthama/gowtham_ws/build/bot_world' returned '0': CMAKE_PREFIX_PATH=/home/gowthama/gowtham_ws/install/robot_control:/home/gowthama/gowtham_ws/install/gowtham_ros:/home/gowthama/gowtham_ws/install/bot_description:/home/gowthama/ros2_ws/install/ydlidar_sdk:/home/gowthama/ros2_ws/install/ydlidar_ros2_driver:/opt/ros/humble:/home/gowthama/ros2_ws/install/custom_robot_description:/home/gowthama/ros2_ws/install/aws_robomaker_hospital_world /usr/bin/cmake --build /home/gowthama/gowtham_ws/build/bot_world -- -j12 -l12
[0.877s] Invoking command in '/home/gowthama/gowtham_ws/build/bot_world': CMAKE_PREFIX_PATH=/home/gowthama/gowtham_ws/install/robot_control:/home/gowthama/gowtham_ws/install/gowtham_ros:/home/gowthama/gowtham_ws/install/bot_description:/home/gowthama/ros2_ws/install/ydlidar_sdk:/home/gowthama/ros2_ws/install/ydlidar_ros2_driver:/opt/ros/humble:/home/gowthama/ros2_ws/install/custom_robot_description:/home/gowthama/ros2_ws/install/aws_robomaker_hospital_world /usr/bin/cmake --install /home/gowthama/gowtham_ws/build/bot_world
[0.887s] -- Install configuration: ""
[0.887s] -- Execute custom install script
[0.888s] -- Symlinking: /home/gowthama/gowtham_ws/install/bot_world/share/ament_index/resource_index/package_run_dependencies/bot_world
[0.899s] -- Symlinking: /home/gowthama/gowtham_ws/install/bot_world/share/ament_index/resource_index/parent_prefix_path/bot_world
[0.911s] -- Symlinking: /home/gowthama/gowtham_ws/install/bot_world/share/bot_world/environment/ament_prefix_path.sh
[0.922s] -- Symlinking: /home/gowthama/gowtham_ws/install/bot_world/share/bot_world/environment/ament_prefix_path.dsv
[0.935s] -- Symlinking: /home/gowthama/gowtham_ws/install/bot_world/share/bot_world/environment/path.sh
[0.946s] -- Symlinking: /home/gowthama/gowtham_ws/install/bot_world/share/bot_world/environment/path.dsv
[0.959s] -- Symlinking: /home/gowthama/gowtham_ws/install/bot_world/share/bot_world/local_setup.bash
[0.972s] -- Symlinking: /home/gowthama/gowtham_ws/install/bot_world/share/bot_world/local_setup.sh
[0.983s] -- Symlinking: /home/gowthama/gowtham_ws/install/bot_world/share/bot_world/local_setup.zsh
[0.994s] -- Symlinking: /home/gowthama/gowtham_ws/install/bot_world/share/bot_world/local_setup.dsv
[1.005s] -- Symlinking: /home/gowthama/gowtham_ws/install/bot_world/share/bot_world/package.dsv
[1.017s] -- Symlinking: /home/gowthama/gowtham_ws/install/bot_world/share/ament_index/resource_index/packages/bot_world
[1.029s] -- Symlinking: /home/gowthama/gowtham_ws/install/bot_world/share/bot_world/cmake/bot_worldConfig.cmake
[1.041s] -- Symlinking: /home/gowthama/gowtham_ws/install/bot_world/share/bot_world/cmake/bot_worldConfig-version.cmake
[1.055s] -- Symlinking: /home/gowthama/gowtham_ws/install/bot_world/share/bot_world/package.xml
[1.074s] Invoked command in '/home/gowthama/gowtham_ws/build/bot_world' returned '0': CMAKE_PREFIX_PATH=/home/gowthama/gowtham_ws/install/robot_control:/home/gowthama/gowtham_ws/install/gowtham_ros:/home/gowthama/gowtham_ws/install/bot_description:/home/gowthama/ros2_ws/install/ydlidar_sdk:/home/gowthama/ros2_ws/install/ydlidar_ros2_driver:/opt/ros/humble:/home/gowthama/ros2_ws/install/custom_robot_description:/home/gowthama/ros2_ws/install/aws_robomaker_hospital_world /usr/bin/cmake --install /home/gowthama/gowtham_ws/build/bot_world
