[0.125s] DEBUG:colcon:Command line arguments: ['/usr/bin/colcon', 'build', '--symlink-install']
[0.125s] DEBUG:colcon:Parsed command line arguments: Namespace(log_base=None, log_level=None, verb_name='build', build_base='build', install_base='install', merge_install=False, symlink_install=True, test_result_base=None, continue_on_error=False, executor='parallel', parallel_workers=12, event_handlers=None, ignore_user_meta=False, metas=['./colcon.meta'], base_paths=['.'], packages_ignore=None, packages_ignore_regex=None, paths=None, packages_up_to=None, packages_up_to_regex=None, packages_above=None, packages_above_and_dependencies=None, packages_above_depth=None, packages_select_by_dep=None, packages_skip_by_dep=None, packages_skip_up_to=None, packages_select_build_failed=False, packages_skip_build_finished=False, packages_select_test_failures=False, packages_skip_test_passed=False, packages_select=None, packages_skip=None, packages_select_regex=None, packages_skip_regex=None, packages_start=None, packages_end=None, allow_overriding=[], cmake_args=None, cmake_target=None, cmake_target_skip_unavailable=False, cmake_clean_cache=False, cmake_clean_first=False, cmake_force_configure=False, ament_cmake_args=None, catkin_cmake_args=None, catkin_skip_building_tests=False, verb_parser=<colcon_defaults.argument_parser.defaults.DefaultArgumentsDecorator object at 0x7d3e282755d0>, verb_extension=<colcon_core.verb.build.BuildVerb object at 0x7d3e28275180>, main=<bound method BuildVerb.main of <colcon_core.verb.build.BuildVerb object at 0x7d3e28275180>>)
[0.346s] Level 1:colcon.colcon_core.package_discovery:discover_packages(colcon_meta) check parameters
[0.346s] Level 1:colcon.colcon_core.package_discovery:discover_packages(recursive) check parameters
[0.346s] Level 1:colcon.colcon_core.package_discovery:discover_packages(ignore) check parameters
[0.346s] Level 1:colcon.colcon_core.package_discovery:discover_packages(path) check parameters
[0.346s] Level 1:colcon.colcon_core.package_discovery:discover_packages(colcon_meta) discover
[0.346s] Level 1:colcon.colcon_core.package_discovery:discover_packages(recursive) discover
[0.346s] INFO:colcon.colcon_core.package_discovery:Crawling recursively for packages in '/home/gowthama/gowtham_ws'
[0.346s] Level 1:colcon.colcon_core.package_identification:_identify(.) by extensions ['ignore', 'ignore_ament_install']
[0.347s] Level 1:colcon.colcon_core.package_identification:_identify(.) by extension 'ignore'
[0.347s] Level 1:colcon.colcon_core.package_identification:_identify(.) by extension 'ignore_ament_install'
[0.347s] Level 1:colcon.colcon_core.package_identification:_identify(.) by extensions ['colcon_pkg']
[0.347s] Level 1:colcon.colcon_core.package_identification:_identify(.) by extension 'colcon_pkg'
[0.347s] Level 1:colcon.colcon_core.package_identification:_identify(.) by extensions ['colcon_meta']
[0.347s] Level 1:colcon.colcon_core.package_identification:_identify(.) by extension 'colcon_meta'
[0.347s] Level 1:colcon.colcon_core.package_identification:_identify(.) by extensions ['ros']
[0.347s] Level 1:colcon.colcon_core.package_identification:_identify(.) by extension 'ros'
[0.359s] Level 1:colcon.colcon_core.package_identification:_identify(.) by extensions ['cmake', 'python']
[0.359s] Level 1:colcon.colcon_core.package_identification:_identify(.) by extension 'cmake'
[0.359s] Level 1:colcon.colcon_core.package_identification:_identify(.) by extension 'python'
[0.359s] Level 1:colcon.colcon_core.package_identification:_identify(.) by extensions ['python_setup_py']
[0.359s] Level 1:colcon.colcon_core.package_identification:_identify(.) by extension 'python_setup_py'
[0.360s] Level 1:colcon.colcon_core.package_identification:_identify(build) by extensions ['ignore', 'ignore_ament_install']
[0.360s] Level 1:colcon.colcon_core.package_identification:_identify(build) by extension 'ignore'
[0.360s] Level 1:colcon.colcon_core.package_identification:_identify(build) ignored
[0.360s] Level 1:colcon.colcon_core.package_identification:_identify(install) by extensions ['ignore', 'ignore_ament_install']
[0.360s] Level 1:colcon.colcon_core.package_identification:_identify(install) by extension 'ignore'
[0.360s] Level 1:colcon.colcon_core.package_identification:_identify(install) ignored
[0.360s] Level 1:colcon.colcon_core.package_identification:_identify(log) by extensions ['ignore', 'ignore_ament_install']
[0.360s] Level 1:colcon.colcon_core.package_identification:_identify(log) by extension 'ignore'
[0.360s] Level 1:colcon.colcon_core.package_identification:_identify(log) ignored
[0.360s] Level 1:colcon.colcon_core.package_identification:_identify(src) by extensions ['ignore', 'ignore_ament_install']
[0.361s] Level 1:colcon.colcon_core.package_identification:_identify(src) by extension 'ignore'
[0.361s] Level 1:colcon.colcon_core.package_identification:_identify(src) by extension 'ignore_ament_install'
[0.361s] Level 1:colcon.colcon_core.package_identification:_identify(src) by extensions ['colcon_pkg']
[0.361s] Level 1:colcon.colcon_core.package_identification:_identify(src) by extension 'colcon_pkg'
[0.361s] Level 1:colcon.colcon_core.package_identification:_identify(src) by extensions ['colcon_meta']
[0.361s] Level 1:colcon.colcon_core.package_identification:_identify(src) by extension 'colcon_meta'
[0.361s] Level 1:colcon.colcon_core.package_identification:_identify(src) by extensions ['ros']
[0.361s] Level 1:colcon.colcon_core.package_identification:_identify(src) by extension 'ros'
[0.361s] Level 1:colcon.colcon_core.package_identification:_identify(src) by extensions ['cmake', 'python']
[0.361s] Level 1:colcon.colcon_core.package_identification:_identify(src) by extension 'cmake'
[0.361s] Level 1:colcon.colcon_core.package_identification:_identify(src) by extension 'python'
[0.361s] Level 1:colcon.colcon_core.package_identification:_identify(src) by extensions ['python_setup_py']
[0.361s] Level 1:colcon.colcon_core.package_identification:_identify(src) by extension 'python_setup_py'
[0.361s] Level 1:colcon.colcon_core.package_identification:_identify(src/bot_description) by extensions ['ignore', 'ignore_ament_install']
[0.361s] Level 1:colcon.colcon_core.package_identification:_identify(src/bot_description) by extension 'ignore'
[0.361s] Level 1:colcon.colcon_core.package_identification:_identify(src/bot_description) by extension 'ignore_ament_install'
[0.362s] Level 1:colcon.colcon_core.package_identification:_identify(src/bot_description) by extensions ['colcon_pkg']
[0.362s] Level 1:colcon.colcon_core.package_identification:_identify(src/bot_description) by extension 'colcon_pkg'
[0.362s] Level 1:colcon.colcon_core.package_identification:_identify(src/bot_description) by extensions ['colcon_meta']
[0.362s] Level 1:colcon.colcon_core.package_identification:_identify(src/bot_description) by extension 'colcon_meta'
[0.362s] Level 1:colcon.colcon_core.package_identification:_identify(src/bot_description) by extensions ['ros']
[0.362s] Level 1:colcon.colcon_core.package_identification:_identify(src/bot_description) by extension 'ros'
[0.365s] DEBUG:colcon.colcon_core.package_identification:Package 'src/bot_description' with type 'ros.ament_cmake' and name 'gowtham_ros'
[0.365s] Level 1:colcon.colcon_core.package_discovery:discover_packages(recursive) using defaults
[0.365s] Level 1:colcon.colcon_core.package_discovery:discover_packages(ignore) discover
[0.365s] Level 1:colcon.colcon_core.package_discovery:discover_packages(ignore) using defaults
[0.365s] Level 1:colcon.colcon_core.package_discovery:discover_packages(path) discover
[0.365s] Level 1:colcon.colcon_core.package_discovery:discover_packages(path) using defaults
[0.399s] Level 1:colcon.colcon_core.package_discovery:discover_packages(prefix_path) check parameters
[0.399s] Level 1:colcon.colcon_core.package_discovery:discover_packages(prefix_path) discover
[0.400s] WARNING:colcon.colcon_core.prefix_path.colcon:The path '/home/gowthama/gowtham_ws/src/install' in the environment variable COLCON_PREFIX_PATH doesn't exist
[0.400s] WARNING:colcon.colcon_ros.prefix_path.ament:The path '/home/gowthama/gowtham_ws/src/install/bot_description' in the environment variable AMENT_PREFIX_PATH doesn't exist
[0.401s] WARNING:colcon.colcon_ros.prefix_path.catkin:The path '/home/gowthama/gowtham_ws/src/install/bot_description' in the environment variable CMAKE_PREFIX_PATH doesn't exist
[0.402s] DEBUG:colcon.colcon_installed_package_information.package_discovery:Found 1 installed packages in /home/gowthama/gowtham_ws/install
[0.402s] DEBUG:colcon.colcon_installed_package_information.package_discovery:Found 4 installed packages in /home/gowthama/ros2_ws/install
[0.405s] DEBUG:colcon.colcon_installed_package_information.package_discovery:Found 393 installed packages in /opt/ros/humble
[0.407s] Level 1:colcon.colcon_core.package_discovery:discover_packages(prefix_path) using defaults
[0.464s] Level 5:colcon.colcon_core.verb:set package 'gowtham_ros' build argument 'cmake_args' from command line to 'None'
[0.464s] Level 5:colcon.colcon_core.verb:set package 'gowtham_ros' build argument 'cmake_target' from command line to 'None'
[0.464s] Level 5:colcon.colcon_core.verb:set package 'gowtham_ros' build argument 'cmake_target_skip_unavailable' from command line to 'False'
[0.464s] Level 5:colcon.colcon_core.verb:set package 'gowtham_ros' build argument 'cmake_clean_cache' from command line to 'False'
[0.464s] Level 5:colcon.colcon_core.verb:set package 'gowtham_ros' build argument 'cmake_clean_first' from command line to 'False'
[0.464s] Level 5:colcon.colcon_core.verb:set package 'gowtham_ros' build argument 'cmake_force_configure' from command line to 'False'
[0.464s] Level 5:colcon.colcon_core.verb:set package 'gowtham_ros' build argument 'ament_cmake_args' from command line to 'None'
[0.464s] Level 5:colcon.colcon_core.verb:set package 'gowtham_ros' build argument 'catkin_cmake_args' from command line to 'None'
[0.464s] Level 5:colcon.colcon_core.verb:set package 'gowtham_ros' build argument 'catkin_skip_building_tests' from command line to 'False'
[0.465s] DEBUG:colcon.colcon_core.verb:Building package 'gowtham_ros' with the following arguments: {'ament_cmake_args': None, 'build_base': '/home/gowthama/gowtham_ws/build/gowtham_ros', 'catkin_cmake_args': None, 'catkin_skip_building_tests': False, 'cmake_args': None, 'cmake_clean_cache': False, 'cmake_clean_first': False, 'cmake_force_configure': False, 'cmake_target': None, 'cmake_target_skip_unavailable': False, 'install_base': '/home/gowthama/gowtham_ws/install/gowtham_ros', 'merge_install': False, 'path': '/home/gowthama/gowtham_ws/src/bot_description', 'symlink_install': True, 'test_result_base': None}
[0.465s] INFO:colcon.colcon_core.executor:Executing jobs using 'parallel' executor
[0.466s] DEBUG:colcon.colcon_parallel_executor.executor.parallel:run_until_complete
[0.467s] INFO:colcon.colcon_ros.task.ament_cmake.build:Building ROS package in '/home/gowthama/gowtham_ws/src/bot_description' with build type 'ament_cmake'
[0.467s] INFO:colcon.colcon_cmake.task.cmake.build:Building CMake package in '/home/gowthama/gowtham_ws/src/bot_description'
[0.469s] INFO:colcon.colcon_core.plugin_system:Skipping extension 'colcon_core.shell.bat': Not used on non-Windows systems
[0.470s] INFO:colcon.colcon_core.shell:Skip shell extension 'powershell' for command environment: Not usable outside of PowerShell
[0.470s] DEBUG:colcon.colcon_core.shell:Skip shell extension 'dsv' for command environment
[0.482s] DEBUG:colcon.colcon_core.event_handler.log_command:Invoking command in '/home/gowthama/gowtham_ws/build/gowtham_ros': CMAKE_PREFIX_PATH=/home/gowthama/gowtham_ws/src/install/bot_description:/home/gowthama/gowtham_ws/install/robot_control:/home/gowthama/ros2_ws/install/ydlidar_sdk:/home/gowthama/ros2_ws/install/ydlidar_ros2_driver:/opt/ros/humble:/home/gowthama/ros2_ws/install/custom_robot_description:/home/gowthama/ros2_ws/install/aws_robomaker_hospital_world /usr/bin/cmake /home/gowthama/gowtham_ws/src/bot_description -DAMENT_CMAKE_SYMLINK_INSTALL=1 -DCMAKE_INSTALL_PREFIX=/home/gowthama/gowtham_ws/install/gowtham_ros
[1.335s] DEBUG:colcon.colcon_core.event_handler.log_command:Invoked command in '/home/gowthama/gowtham_ws/build/gowtham_ros' returned '0': CMAKE_PREFIX_PATH=/home/gowthama/gowtham_ws/src/install/bot_description:/home/gowthama/gowtham_ws/install/robot_control:/home/gowthama/ros2_ws/install/ydlidar_sdk:/home/gowthama/ros2_ws/install/ydlidar_ros2_driver:/opt/ros/humble:/home/gowthama/ros2_ws/install/custom_robot_description:/home/gowthama/ros2_ws/install/aws_robomaker_hospital_world /usr/bin/cmake /home/gowthama/gowtham_ws/src/bot_description -DAMENT_CMAKE_SYMLINK_INSTALL=1 -DCMAKE_INSTALL_PREFIX=/home/gowthama/gowtham_ws/install/gowtham_ros
[1.338s] DEBUG:colcon.colcon_core.event_handler.log_command:Invoking command in '/home/gowthama/gowtham_ws/build/gowtham_ros': CMAKE_PREFIX_PATH=/home/gowthama/gowtham_ws/src/install/bot_description:/home/gowthama/gowtham_ws/install/robot_control:/home/gowthama/ros2_ws/install/ydlidar_sdk:/home/gowthama/ros2_ws/install/ydlidar_ros2_driver:/opt/ros/humble:/home/gowthama/ros2_ws/install/custom_robot_description:/home/gowthama/ros2_ws/install/aws_robomaker_hospital_world /usr/bin/cmake --build /home/gowthama/gowtham_ws/build/gowtham_ros -- -j12 -l12
[1.390s] DEBUG:colcon.colcon_core.event_handler.log_command:Invoked command in '/home/gowthama/gowtham_ws/build/gowtham_ros' returned '0': CMAKE_PREFIX_PATH=/home/gowthama/gowtham_ws/src/install/bot_description:/home/gowthama/gowtham_ws/install/robot_control:/home/gowthama/ros2_ws/install/ydlidar_sdk:/home/gowthama/ros2_ws/install/ydlidar_ros2_driver:/opt/ros/humble:/home/gowthama/ros2_ws/install/custom_robot_description:/home/gowthama/ros2_ws/install/aws_robomaker_hospital_world /usr/bin/cmake --build /home/gowthama/gowtham_ws/build/gowtham_ros -- -j12 -l12
[1.405s] DEBUG:colcon.colcon_core.event_handler.log_command:Invoking command in '/home/gowthama/gowtham_ws/build/gowtham_ros': CMAKE_PREFIX_PATH=/home/gowthama/gowtham_ws/src/install/bot_description:/home/gowthama/gowtham_ws/install/robot_control:/home/gowthama/ros2_ws/install/ydlidar_sdk:/home/gowthama/ros2_ws/install/ydlidar_ros2_driver:/opt/ros/humble:/home/gowthama/ros2_ws/install/custom_robot_description:/home/gowthama/ros2_ws/install/aws_robomaker_hospital_world /usr/bin/cmake --install /home/gowthama/gowtham_ws/build/gowtham_ros
[1.724s] Level 1:colcon.colcon_core.environment:create_environment_scripts_only(gowtham_ros)
[1.725s] DEBUG:colcon.colcon_core.event_handler.log_command:Invoked command in '/home/gowthama/gowtham_ws/build/gowtham_ros' returned '0': CMAKE_PREFIX_PATH=/home/gowthama/gowtham_ws/src/install/bot_description:/home/gowthama/gowtham_ws/install/robot_control:/home/gowthama/ros2_ws/install/ydlidar_sdk:/home/gowthama/ros2_ws/install/ydlidar_ros2_driver:/opt/ros/humble:/home/gowthama/ros2_ws/install/custom_robot_description:/home/gowthama/ros2_ws/install/aws_robomaker_hospital_world /usr/bin/cmake --install /home/gowthama/gowtham_ws/build/gowtham_ros
[1.728s] Level 1:colcon.colcon_core.environment:checking '/home/gowthama/gowtham_ws/install/gowtham_ros' for CMake module files
[1.729s] Level 1:colcon.colcon_core.environment:checking '/home/gowthama/gowtham_ws/install/gowtham_ros' for CMake config files
[1.729s] Level 1:colcon.colcon_core.shell:create_environment_hook('gowtham_ros', 'cmake_prefix_path')
[1.729s] INFO:colcon.colcon_core.shell:Creating environment hook '/home/gowthama/gowtham_ws/install/gowtham_ros/share/gowtham_ros/hook/cmake_prefix_path.ps1'
[1.730s] INFO:colcon.colcon_core.shell:Creating environment descriptor '/home/gowthama/gowtham_ws/install/gowtham_ros/share/gowtham_ros/hook/cmake_prefix_path.dsv'
[1.731s] INFO:colcon.colcon_core.shell:Creating environment hook '/home/gowthama/gowtham_ws/install/gowtham_ros/share/gowtham_ros/hook/cmake_prefix_path.sh'
[1.732s] Level 1:colcon.colcon_core.environment:checking '/home/gowthama/gowtham_ws/install/gowtham_ros/bin'
[1.732s] Level 1:colcon.colcon_core.environment:checking '/home/gowthama/gowtham_ws/install/gowtham_ros/lib/pkgconfig/gowtham_ros.pc'
[1.732s] Level 1:colcon.colcon_core.environment:checking '/home/gowthama/gowtham_ws/install/gowtham_ros/lib/python3.10/site-packages'
[1.732s] Level 1:colcon.colcon_core.environment:checking '/home/gowthama/gowtham_ws/install/gowtham_ros/bin'
[1.733s] INFO:colcon.colcon_core.shell:Creating package script '/home/gowthama/gowtham_ws/install/gowtham_ros/share/gowtham_ros/package.ps1'
[1.734s] INFO:colcon.colcon_core.shell:Creating package descriptor '/home/gowthama/gowtham_ws/install/gowtham_ros/share/gowtham_ros/package.dsv'
[1.734s] INFO:colcon.colcon_core.shell:Creating package script '/home/gowthama/gowtham_ws/install/gowtham_ros/share/gowtham_ros/package.sh'
[1.735s] INFO:colcon.colcon_core.shell:Creating package script '/home/gowthama/gowtham_ws/install/gowtham_ros/share/gowtham_ros/package.bash'
[1.736s] INFO:colcon.colcon_core.shell:Creating package script '/home/gowthama/gowtham_ws/install/gowtham_ros/share/gowtham_ros/package.zsh'
[1.736s] Level 1:colcon.colcon_core.environment:create_file_with_runtime_dependencies(/home/gowthama/gowtham_ws/install/gowtham_ros/share/colcon-core/packages/gowtham_ros)
[1.737s] Level 1:colcon.colcon_core.environment:create_environment_scripts_only(gowtham_ros)
[1.737s] Level 1:colcon.colcon_core.environment:checking '/home/gowthama/gowtham_ws/install/gowtham_ros' for CMake module files
[1.738s] Level 1:colcon.colcon_core.environment:checking '/home/gowthama/gowtham_ws/install/gowtham_ros' for CMake config files
[1.738s] Level 1:colcon.colcon_core.shell:create_environment_hook('gowtham_ros', 'cmake_prefix_path')
[1.738s] INFO:colcon.colcon_core.shell:Creating environment hook '/home/gowthama/gowtham_ws/install/gowtham_ros/share/gowtham_ros/hook/cmake_prefix_path.ps1'
[1.739s] INFO:colcon.colcon_core.shell:Creating environment descriptor '/home/gowthama/gowtham_ws/install/gowtham_ros/share/gowtham_ros/hook/cmake_prefix_path.dsv'
[1.739s] INFO:colcon.colcon_core.shell:Creating environment hook '/home/gowthama/gowtham_ws/install/gowtham_ros/share/gowtham_ros/hook/cmake_prefix_path.sh'
[1.740s] Level 1:colcon.colcon_core.environment:checking '/home/gowthama/gowtham_ws/install/gowtham_ros/bin'
[1.740s] Level 1:colcon.colcon_core.environment:checking '/home/gowthama/gowtham_ws/install/gowtham_ros/lib/pkgconfig/gowtham_ros.pc'
[1.740s] Level 1:colcon.colcon_core.environment:checking '/home/gowthama/gowtham_ws/install/gowtham_ros/lib/python3.10/site-packages'
[1.741s] Level 1:colcon.colcon_core.environment:checking '/home/gowthama/gowtham_ws/install/gowtham_ros/bin'
[1.741s] INFO:colcon.colcon_core.shell:Creating package script '/home/gowthama/gowtham_ws/install/gowtham_ros/share/gowtham_ros/package.ps1'
[1.742s] INFO:colcon.colcon_core.shell:Creating package descriptor '/home/gowthama/gowtham_ws/install/gowtham_ros/share/gowtham_ros/package.dsv'
[1.742s] INFO:colcon.colcon_core.shell:Creating package script '/home/gowthama/gowtham_ws/install/gowtham_ros/share/gowtham_ros/package.sh'
[1.743s] INFO:colcon.colcon_core.shell:Creating package script '/home/gowthama/gowtham_ws/install/gowtham_ros/share/gowtham_ros/package.bash'
[1.743s] INFO:colcon.colcon_core.shell:Creating package script '/home/gowthama/gowtham_ws/install/gowtham_ros/share/gowtham_ros/package.zsh'
[1.743s] Level 1:colcon.colcon_core.environment:create_file_with_runtime_dependencies(/home/gowthama/gowtham_ws/install/gowtham_ros/share/colcon-core/packages/gowtham_ros)
[1.744s] DEBUG:colcon.colcon_parallel_executor.executor.parallel:closing loop
[1.744s] DEBUG:colcon.colcon_parallel_executor.executor.parallel:loop closed
[1.745s] DEBUG:colcon.colcon_parallel_executor.executor.parallel:run_until_complete finished with '0'
[1.745s] DEBUG:colcon.colcon_core.event_reactor:joining thread
[1.751s] INFO:colcon.colcon_core.plugin_system:Skipping extension 'colcon_notification.desktop_notification.terminal_notifier': Not used on non-Darwin systems
[1.751s] INFO:colcon.colcon_core.plugin_system:Skipping extension 'colcon_notification.desktop_notification.win32': Not used on non-Windows systems
[1.751s] INFO:colcon.colcon_notification.desktop_notification:Sending desktop notification using 'notify2'
[1.765s] DEBUG:colcon.colcon_core.event_reactor:joined thread
[1.766s] INFO:colcon.colcon_core.shell:Creating prefix script '/home/gowthama/gowtham_ws/install/local_setup.ps1'
[1.767s] INFO:colcon.colcon_core.shell:Creating prefix util module '/home/gowthama/gowtham_ws/install/_local_setup_util_ps1.py'
[1.769s] INFO:colcon.colcon_core.shell:Creating prefix chain script '/home/gowthama/gowtham_ws/install/setup.ps1'
[1.770s] INFO:colcon.colcon_core.shell:Creating prefix script '/home/gowthama/gowtham_ws/install/local_setup.sh'
[1.771s] INFO:colcon.colcon_core.shell:Creating prefix util module '/home/gowthama/gowtham_ws/install/_local_setup_util_sh.py'
[1.772s] INFO:colcon.colcon_core.shell:Creating prefix chain script '/home/gowthama/gowtham_ws/install/setup.sh'
[1.774s] INFO:colcon.colcon_core.shell:Creating prefix script '/home/gowthama/gowtham_ws/install/local_setup.bash'
[1.774s] INFO:colcon.colcon_core.shell:Creating prefix chain script '/home/gowthama/gowtham_ws/install/setup.bash'
[1.776s] INFO:colcon.colcon_core.shell:Creating prefix script '/home/gowthama/gowtham_ws/install/local_setup.zsh'
[1.776s] INFO:colcon.colcon_core.shell:Creating prefix chain script '/home/gowthama/gowtham_ws/install/setup.zsh'
