[0.082s] DEBUG:colcon:Command line arguments: ['/usr/bin/colcon', 'build', '--symlink-install']
[0.082s] DEBUG:colcon:Parsed command line arguments: Namespace(log_base=None, log_level=None, verb_name='build', build_base='build', install_base='install', merge_install=False, symlink_install=True, test_result_base=None, continue_on_error=False, executor='parallel', parallel_workers=12, event_handlers=None, ignore_user_meta=False, metas=['./colcon.meta'], base_paths=['.'], packages_ignore=None, packages_ignore_regex=None, paths=None, packages_up_to=None, packages_up_to_regex=None, packages_above=None, packages_above_and_dependencies=None, packages_above_depth=None, packages_select_by_dep=None, packages_skip_by_dep=None, packages_skip_up_to=None, packages_select_build_failed=False, packages_skip_build_finished=False, packages_select_test_failures=False, packages_skip_test_passed=False, packages_select=None, packages_skip=None, packages_select_regex=None, packages_skip_regex=None, packages_start=None, packages_end=None, allow_overriding=[], cmake_args=None, cmake_target=None, cmake_target_skip_unavailable=False, cmake_clean_cache=False, cmake_clean_first=False, cmake_force_configure=False, ament_cmake_args=None, catkin_cmake_args=None, catkin_skip_building_tests=False, verb_parser=<colcon_defaults.argument_parser.defaults.DefaultArgumentsDecorator object at 0x770c9fb19720>, verb_extension=<colcon_core.verb.build.BuildVerb object at 0x770c9fb192d0>, main=<bound method BuildVerb.main of <colcon_core.verb.build.BuildVerb object at 0x770c9fb192d0>>)
[0.230s] Level 1:colcon.colcon_core.package_discovery:discover_packages(colcon_meta) check parameters
[0.230s] Level 1:colcon.colcon_core.package_discovery:discover_packages(recursive) check parameters
[0.230s] Level 1:colcon.colcon_core.package_discovery:discover_packages(ignore) check parameters
[0.230s] Level 1:colcon.colcon_core.package_discovery:discover_packages(path) check parameters
[0.230s] Level 1:colcon.colcon_core.package_discovery:discover_packages(colcon_meta) discover
[0.231s] Level 1:colcon.colcon_core.package_discovery:discover_packages(recursive) discover
[0.231s] INFO:colcon.colcon_core.package_discovery:Crawling recursively for packages in '/home/gowthama/gowtham_ws'
[0.231s] Level 1:colcon.colcon_core.package_identification:_identify(.) by extensions ['ignore', 'ignore_ament_install']
[0.231s] Level 1:colcon.colcon_core.package_identification:_identify(.) by extension 'ignore'
[0.231s] Level 1:colcon.colcon_core.package_identification:_identify(.) by extension 'ignore_ament_install'
[0.231s] Level 1:colcon.colcon_core.package_identification:_identify(.) by extensions ['colcon_pkg']
[0.231s] Level 1:colcon.colcon_core.package_identification:_identify(.) by extension 'colcon_pkg'
[0.231s] Level 1:colcon.colcon_core.package_identification:_identify(.) by extensions ['colcon_meta']
[0.231s] Level 1:colcon.colcon_core.package_identification:_identify(.) by extension 'colcon_meta'
[0.231s] Level 1:colcon.colcon_core.package_identification:_identify(.) by extensions ['ros']
[0.231s] Level 1:colcon.colcon_core.package_identification:_identify(.) by extension 'ros'
[0.239s] Level 1:colcon.colcon_core.package_identification:_identify(.) by extensions ['cmake', 'python']
[0.239s] Level 1:colcon.colcon_core.package_identification:_identify(.) by extension 'cmake'
[0.239s] Level 1:colcon.colcon_core.package_identification:_identify(.) by extension 'python'
[0.239s] Level 1:colcon.colcon_core.package_identification:_identify(.) by extensions ['python_setup_py']
[0.239s] Level 1:colcon.colcon_core.package_identification:_identify(.) by extension 'python_setup_py'
[0.239s] Level 1:colcon.colcon_core.package_identification:_identify(build) by extensions ['ignore', 'ignore_ament_install']
[0.239s] Level 1:colcon.colcon_core.package_identification:_identify(build) by extension 'ignore'
[0.239s] Level 1:colcon.colcon_core.package_identification:_identify(build) ignored
[0.239s] Level 1:colcon.colcon_core.package_identification:_identify(install) by extensions ['ignore', 'ignore_ament_install']
[0.240s] Level 1:colcon.colcon_core.package_identification:_identify(install) by extension 'ignore'
[0.240s] Level 1:colcon.colcon_core.package_identification:_identify(install) ignored
[0.240s] Level 1:colcon.colcon_core.package_identification:_identify(log) by extensions ['ignore', 'ignore_ament_install']
[0.240s] Level 1:colcon.colcon_core.package_identification:_identify(log) by extension 'ignore'
[0.240s] Level 1:colcon.colcon_core.package_identification:_identify(log) ignored
[0.240s] Level 1:colcon.colcon_core.package_identification:_identify(src) by extensions ['ignore', 'ignore_ament_install']
[0.240s] Level 1:colcon.colcon_core.package_identification:_identify(src) by extension 'ignore'
[0.240s] Level 1:colcon.colcon_core.package_identification:_identify(src) by extension 'ignore_ament_install'
[0.240s] Level 1:colcon.colcon_core.package_identification:_identify(src) by extensions ['colcon_pkg']
[0.240s] Level 1:colcon.colcon_core.package_identification:_identify(src) by extension 'colcon_pkg'
[0.240s] Level 1:colcon.colcon_core.package_identification:_identify(src) by extensions ['colcon_meta']
[0.240s] Level 1:colcon.colcon_core.package_identification:_identify(src) by extension 'colcon_meta'
[0.240s] Level 1:colcon.colcon_core.package_identification:_identify(src) by extensions ['ros']
[0.240s] Level 1:colcon.colcon_core.package_identification:_identify(src) by extension 'ros'
[0.240s] Level 1:colcon.colcon_core.package_identification:_identify(src) by extensions ['cmake', 'python']
[0.240s] Level 1:colcon.colcon_core.package_identification:_identify(src) by extension 'cmake'
[0.240s] Level 1:colcon.colcon_core.package_identification:_identify(src) by extension 'python'
[0.240s] Level 1:colcon.colcon_core.package_identification:_identify(src) by extensions ['python_setup_py']
[0.240s] Level 1:colcon.colcon_core.package_identification:_identify(src) by extension 'python_setup_py'
[0.240s] Level 1:colcon.colcon_core.package_identification:_identify(src/bot_control) by extensions ['ignore', 'ignore_ament_install']
[0.240s] Level 1:colcon.colcon_core.package_identification:_identify(src/bot_control) by extension 'ignore'
[0.241s] Level 1:colcon.colcon_core.package_identification:_identify(src/bot_control) by extension 'ignore_ament_install'
[0.241s] Level 1:colcon.colcon_core.package_identification:_identify(src/bot_control) by extensions ['colcon_pkg']
[0.241s] Level 1:colcon.colcon_core.package_identification:_identify(src/bot_control) by extension 'colcon_pkg'
[0.241s] Level 1:colcon.colcon_core.package_identification:_identify(src/bot_control) by extensions ['colcon_meta']
[0.241s] Level 1:colcon.colcon_core.package_identification:_identify(src/bot_control) by extension 'colcon_meta'
[0.241s] Level 1:colcon.colcon_core.package_identification:_identify(src/bot_control) by extensions ['ros']
[0.241s] Level 1:colcon.colcon_core.package_identification:_identify(src/bot_control) by extension 'ros'
[0.242s] DEBUG:colcon.colcon_core.package_identification:Package 'src/bot_control' with type 'ros.ament_cmake' and name 'bot_control'
[0.242s] Level 1:colcon.colcon_core.package_identification:_identify(src/bot_description) by extensions ['ignore', 'ignore_ament_install']
[0.243s] Level 1:colcon.colcon_core.package_identification:_identify(src/bot_description) by extension 'ignore'
[0.243s] Level 1:colcon.colcon_core.package_identification:_identify(src/bot_description) by extension 'ignore_ament_install'
[0.243s] Level 1:colcon.colcon_core.package_identification:_identify(src/bot_description) by extensions ['colcon_pkg']
[0.243s] Level 1:colcon.colcon_core.package_identification:_identify(src/bot_description) by extension 'colcon_pkg'
[0.243s] Level 1:colcon.colcon_core.package_identification:_identify(src/bot_description) by extensions ['colcon_meta']
[0.243s] Level 1:colcon.colcon_core.package_identification:_identify(src/bot_description) by extension 'colcon_meta'
[0.243s] Level 1:colcon.colcon_core.package_identification:_identify(src/bot_description) by extensions ['ros']
[0.243s] Level 1:colcon.colcon_core.package_identification:_identify(src/bot_description) by extension 'ros'
[0.243s] DEBUG:colcon.colcon_core.package_identification:Package 'src/bot_description' with type 'ros.ament_cmake' and name 'bot_description'
[0.243s] Level 1:colcon.colcon_core.package_identification:_identify(src/bot_world) by extensions ['ignore', 'ignore_ament_install']
[0.243s] Level 1:colcon.colcon_core.package_identification:_identify(src/bot_world) by extension 'ignore'
[0.243s] Level 1:colcon.colcon_core.package_identification:_identify(src/bot_world) by extension 'ignore_ament_install'
[0.243s] Level 1:colcon.colcon_core.package_identification:_identify(src/bot_world) by extensions ['colcon_pkg']
[0.243s] Level 1:colcon.colcon_core.package_identification:_identify(src/bot_world) by extension 'colcon_pkg'
[0.243s] Level 1:colcon.colcon_core.package_identification:_identify(src/bot_world) by extensions ['colcon_meta']
[0.243s] Level 1:colcon.colcon_core.package_identification:_identify(src/bot_world) by extension 'colcon_meta'
[0.243s] Level 1:colcon.colcon_core.package_identification:_identify(src/bot_world) by extensions ['ros']
[0.244s] Level 1:colcon.colcon_core.package_identification:_identify(src/bot_world) by extension 'ros'
[0.244s] DEBUG:colcon.colcon_core.package_identification:Package 'src/bot_world' with type 'ros.ament_cmake' and name 'bot_world'
[0.244s] Level 1:colcon.colcon_core.package_discovery:discover_packages(recursive) using defaults
[0.244s] Level 1:colcon.colcon_core.package_discovery:discover_packages(ignore) discover
[0.244s] Level 1:colcon.colcon_core.package_discovery:discover_packages(ignore) using defaults
[0.244s] Level 1:colcon.colcon_core.package_discovery:discover_packages(path) discover
[0.244s] Level 1:colcon.colcon_core.package_discovery:discover_packages(path) using defaults
[0.266s] Level 1:colcon.colcon_core.package_discovery:discover_packages(prefix_path) check parameters
[0.267s] Level 1:colcon.colcon_core.package_discovery:discover_packages(prefix_path) discover
[0.268s] DEBUG:colcon.colcon_installed_package_information.package_discovery:Found 4 installed packages in /home/gowthama/gowtham_ws/install
[0.269s] DEBUG:colcon.colcon_installed_package_information.package_discovery:Found 4 installed packages in /home/gowthama/ros2_ws/install
[0.270s] DEBUG:colcon.colcon_installed_package_information.package_discovery:Found 393 installed packages in /opt/ros/humble
[0.271s] Level 1:colcon.colcon_core.package_discovery:discover_packages(prefix_path) using defaults
[0.308s] Level 5:colcon.colcon_core.verb:set package 'bot_control' build argument 'cmake_args' from command line to 'None'
[0.308s] Level 5:colcon.colcon_core.verb:set package 'bot_control' build argument 'cmake_target' from command line to 'None'
[0.308s] Level 5:colcon.colcon_core.verb:set package 'bot_control' build argument 'cmake_target_skip_unavailable' from command line to 'False'
[0.308s] Level 5:colcon.colcon_core.verb:set package 'bot_control' build argument 'cmake_clean_cache' from command line to 'False'
[0.308s] Level 5:colcon.colcon_core.verb:set package 'bot_control' build argument 'cmake_clean_first' from command line to 'False'
[0.308s] Level 5:colcon.colcon_core.verb:set package 'bot_control' build argument 'cmake_force_configure' from command line to 'False'
[0.308s] Level 5:colcon.colcon_core.verb:set package 'bot_control' build argument 'ament_cmake_args' from command line to 'None'
[0.308s] Level 5:colcon.colcon_core.verb:set package 'bot_control' build argument 'catkin_cmake_args' from command line to 'None'
[0.308s] Level 5:colcon.colcon_core.verb:set package 'bot_control' build argument 'catkin_skip_building_tests' from command line to 'False'
[0.308s] DEBUG:colcon.colcon_core.verb:Building package 'bot_control' with the following arguments: {'ament_cmake_args': None, 'build_base': '/home/gowthama/gowtham_ws/build/bot_control', 'catkin_cmake_args': None, 'catkin_skip_building_tests': False, 'cmake_args': None, 'cmake_clean_cache': False, 'cmake_clean_first': False, 'cmake_force_configure': False, 'cmake_target': None, 'cmake_target_skip_unavailable': False, 'install_base': '/home/gowthama/gowtham_ws/install/bot_control', 'merge_install': False, 'path': '/home/gowthama/gowtham_ws/src/bot_control', 'symlink_install': True, 'test_result_base': None}
[0.308s] Level 5:colcon.colcon_core.verb:set package 'bot_description' build argument 'cmake_args' from command line to 'None'
[0.308s] Level 5:colcon.colcon_core.verb:set package 'bot_description' build argument 'cmake_target' from command line to 'None'
[0.308s] Level 5:colcon.colcon_core.verb:set package 'bot_description' build argument 'cmake_target_skip_unavailable' from command line to 'False'
[0.308s] Level 5:colcon.colcon_core.verb:set package 'bot_description' build argument 'cmake_clean_cache' from command line to 'False'
[0.308s] Level 5:colcon.colcon_core.verb:set package 'bot_description' build argument 'cmake_clean_first' from command line to 'False'
[0.308s] Level 5:colcon.colcon_core.verb:set package 'bot_description' build argument 'cmake_force_configure' from command line to 'False'
[0.308s] Level 5:colcon.colcon_core.verb:set package 'bot_description' build argument 'ament_cmake_args' from command line to 'None'
[0.308s] Level 5:colcon.colcon_core.verb:set package 'bot_description' build argument 'catkin_cmake_args' from command line to 'None'
[0.308s] Level 5:colcon.colcon_core.verb:set package 'bot_description' build argument 'catkin_skip_building_tests' from command line to 'False'
[0.308s] DEBUG:colcon.colcon_core.verb:Building package 'bot_description' with the following arguments: {'ament_cmake_args': None, 'build_base': '/home/gowthama/gowtham_ws/build/bot_description', 'catkin_cmake_args': None, 'catkin_skip_building_tests': False, 'cmake_args': None, 'cmake_clean_cache': False, 'cmake_clean_first': False, 'cmake_force_configure': False, 'cmake_target': None, 'cmake_target_skip_unavailable': False, 'install_base': '/home/gowthama/gowtham_ws/install/bot_description', 'merge_install': False, 'path': '/home/gowthama/gowtham_ws/src/bot_description', 'symlink_install': True, 'test_result_base': None}
[0.309s] Level 5:colcon.colcon_core.verb:set package 'bot_world' build argument 'cmake_args' from command line to 'None'
[0.309s] Level 5:colcon.colcon_core.verb:set package 'bot_world' build argument 'cmake_target' from command line to 'None'
[0.309s] Level 5:colcon.colcon_core.verb:set package 'bot_world' build argument 'cmake_target_skip_unavailable' from command line to 'False'
[0.309s] Level 5:colcon.colcon_core.verb:set package 'bot_world' build argument 'cmake_clean_cache' from command line to 'False'
[0.309s] Level 5:colcon.colcon_core.verb:set package 'bot_world' build argument 'cmake_clean_first' from command line to 'False'
[0.309s] Level 5:colcon.colcon_core.verb:set package 'bot_world' build argument 'cmake_force_configure' from command line to 'False'
[0.309s] Level 5:colcon.colcon_core.verb:set package 'bot_world' build argument 'ament_cmake_args' from command line to 'None'
[0.309s] Level 5:colcon.colcon_core.verb:set package 'bot_world' build argument 'catkin_cmake_args' from command line to 'None'
[0.309s] Level 5:colcon.colcon_core.verb:set package 'bot_world' build argument 'catkin_skip_building_tests' from command line to 'False'
[0.309s] DEBUG:colcon.colcon_core.verb:Building package 'bot_world' with the following arguments: {'ament_cmake_args': None, 'build_base': '/home/gowthama/gowtham_ws/build/bot_world', 'catkin_cmake_args': None, 'catkin_skip_building_tests': False, 'cmake_args': None, 'cmake_clean_cache': False, 'cmake_clean_first': False, 'cmake_force_configure': False, 'cmake_target': None, 'cmake_target_skip_unavailable': False, 'install_base': '/home/gowthama/gowtham_ws/install/bot_world', 'merge_install': False, 'path': '/home/gowthama/gowtham_ws/src/bot_world', 'symlink_install': True, 'test_result_base': None}
[0.309s] INFO:colcon.colcon_core.executor:Executing jobs using 'parallel' executor
[0.310s] DEBUG:colcon.colcon_parallel_executor.executor.parallel:run_until_complete
[0.310s] INFO:colcon.colcon_ros.task.ament_cmake.build:Building ROS package in '/home/gowthama/gowtham_ws/src/bot_control' with build type 'ament_cmake'
[0.310s] INFO:colcon.colcon_cmake.task.cmake.build:Building CMake package in '/home/gowthama/gowtham_ws/src/bot_control'
[0.312s] INFO:colcon.colcon_core.plugin_system:Skipping extension 'colcon_core.shell.bat': Not used on non-Windows systems
[0.312s] INFO:colcon.colcon_core.shell:Skip shell extension 'powershell' for command environment: Not usable outside of PowerShell
[0.312s] DEBUG:colcon.colcon_core.shell:Skip shell extension 'dsv' for command environment
[0.315s] INFO:colcon.colcon_ros.task.ament_cmake.build:Building ROS package in '/home/gowthama/gowtham_ws/src/bot_description' with build type 'ament_cmake'
[0.316s] INFO:colcon.colcon_cmake.task.cmake.build:Building CMake package in '/home/gowthama/gowtham_ws/src/bot_description'
[0.316s] INFO:colcon.colcon_core.shell:Skip shell extension 'powershell' for command environment: Not usable outside of PowerShell
[0.316s] DEBUG:colcon.colcon_core.shell:Skip shell extension 'dsv' for command environment
[0.319s] INFO:colcon.colcon_ros.task.ament_cmake.build:Building ROS package in '/home/gowthama/gowtham_ws/src/bot_world' with build type 'ament_cmake'
[0.319s] INFO:colcon.colcon_cmake.task.cmake.build:Building CMake package in '/home/gowthama/gowtham_ws/src/bot_world'
[0.320s] INFO:colcon.colcon_core.shell:Skip shell extension 'powershell' for command environment: Not usable outside of PowerShell
[0.320s] DEBUG:colcon.colcon_core.shell:Skip shell extension 'dsv' for command environment
[0.327s] DEBUG:colcon.colcon_core.event_handler.log_command:Invoking command in '/home/gowthama/gowtham_ws/build/bot_control': CMAKE_PREFIX_PATH=/home/gowthama/gowtham_ws/install/robot_control:/home/gowthama/gowtham_ws/install/gowtham_ros:/home/gowthama/gowtham_ws/install/bot_world:/home/gowthama/gowtham_ws/install/bot_description:/home/gowthama/ros2_ws/install/ydlidar_sdk:/home/gowthama/ros2_ws/install/ydlidar_ros2_driver:/opt/ros/humble:/home/gowthama/ros2_ws/install/custom_robot_description:/home/gowthama/ros2_ws/install/aws_robomaker_hospital_world /usr/bin/cmake --build /home/gowthama/gowtham_ws/build/bot_control -- -j12 -l12
[0.329s] DEBUG:colcon.colcon_core.event_handler.log_command:Invoking command in '/home/gowthama/gowtham_ws/build/bot_description': CMAKE_PREFIX_PATH=/home/gowthama/gowtham_ws/install/robot_control:/home/gowthama/gowtham_ws/install/gowtham_ros:/home/gowthama/gowtham_ws/install/bot_world:/home/gowthama/gowtham_ws/install/bot_description:/home/gowthama/ros2_ws/install/ydlidar_sdk:/home/gowthama/ros2_ws/install/ydlidar_ros2_driver:/opt/ros/humble:/home/gowthama/ros2_ws/install/custom_robot_description:/home/gowthama/ros2_ws/install/aws_robomaker_hospital_world /usr/bin/cmake --build /home/gowthama/gowtham_ws/build/bot_description -- -j12 -l12
[0.331s] DEBUG:colcon.colcon_core.event_handler.log_command:Invoking command in '/home/gowthama/gowtham_ws/build/bot_world': CMAKE_PREFIX_PATH=/home/gowthama/gowtham_ws/install/robot_control:/home/gowthama/gowtham_ws/install/gowtham_ros:/home/gowthama/gowtham_ws/install/bot_world:/home/gowthama/gowtham_ws/install/bot_description:/home/gowthama/ros2_ws/install/ydlidar_sdk:/home/gowthama/ros2_ws/install/ydlidar_ros2_driver:/opt/ros/humble:/home/gowthama/ros2_ws/install/custom_robot_description:/home/gowthama/ros2_ws/install/aws_robomaker_hospital_world /usr/bin/cmake --build /home/gowthama/gowtham_ws/build/bot_world -- -j12 -l12
[0.364s] DEBUG:colcon.colcon_core.event_handler.log_command:Invoked command in '/home/gowthama/gowtham_ws/build/bot_description' returned '0': CMAKE_PREFIX_PATH=/home/gowthama/gowtham_ws/install/robot_control:/home/gowthama/gowtham_ws/install/gowtham_ros:/home/gowthama/gowtham_ws/install/bot_world:/home/gowthama/gowtham_ws/install/bot_description:/home/gowthama/ros2_ws/install/ydlidar_sdk:/home/gowthama/ros2_ws/install/ydlidar_ros2_driver:/opt/ros/humble:/home/gowthama/ros2_ws/install/custom_robot_description:/home/gowthama/ros2_ws/install/aws_robomaker_hospital_world /usr/bin/cmake --build /home/gowthama/gowtham_ws/build/bot_description -- -j12 -l12
[0.374s] DEBUG:colcon.colcon_core.event_handler.log_command:Invoking command in '/home/gowthama/gowtham_ws/build/bot_description': CMAKE_PREFIX_PATH=/home/gowthama/gowtham_ws/install/robot_control:/home/gowthama/gowtham_ws/install/gowtham_ros:/home/gowthama/gowtham_ws/install/bot_world:/home/gowthama/gowtham_ws/install/bot_description:/home/gowthama/ros2_ws/install/ydlidar_sdk:/home/gowthama/ros2_ws/install/ydlidar_ros2_driver:/opt/ros/humble:/home/gowthama/ros2_ws/install/custom_robot_description:/home/gowthama/ros2_ws/install/aws_robomaker_hospital_world /usr/bin/cmake --install /home/gowthama/gowtham_ws/build/bot_description
[0.385s] Level 1:colcon.colcon_core.environment:create_environment_scripts_only(bot_description)
[0.386s] DEBUG:colcon.colcon_core.event_handler.log_command:Invoked command in '/home/gowthama/gowtham_ws/build/bot_description' returned '0': CMAKE_PREFIX_PATH=/home/gowthama/gowtham_ws/install/robot_control:/home/gowthama/gowtham_ws/install/gowtham_ros:/home/gowthama/gowtham_ws/install/bot_world:/home/gowthama/gowtham_ws/install/bot_description:/home/gowthama/ros2_ws/install/ydlidar_sdk:/home/gowthama/ros2_ws/install/ydlidar_ros2_driver:/opt/ros/humble:/home/gowthama/ros2_ws/install/custom_robot_description:/home/gowthama/ros2_ws/install/aws_robomaker_hospital_world /usr/bin/cmake --install /home/gowthama/gowtham_ws/build/bot_description
[0.387s] Level 1:colcon.colcon_core.environment:checking '/home/gowthama/gowtham_ws/install/bot_description' for CMake module files
[0.387s] Level 1:colcon.colcon_core.environment:checking '/home/gowthama/gowtham_ws/install/bot_description' for CMake config files
[0.388s] Level 1:colcon.colcon_core.shell:create_environment_hook('bot_description', 'cmake_prefix_path')
[0.388s] INFO:colcon.colcon_core.shell:Creating environment hook '/home/gowthama/gowtham_ws/install/bot_description/share/bot_description/hook/cmake_prefix_path.ps1'
[0.389s] INFO:colcon.colcon_core.shell:Creating environment descriptor '/home/gowthama/gowtham_ws/install/bot_description/share/bot_description/hook/cmake_prefix_path.dsv'
[0.389s] INFO:colcon.colcon_core.shell:Creating environment hook '/home/gowthama/gowtham_ws/install/bot_description/share/bot_description/hook/cmake_prefix_path.sh'
[0.390s] Level 1:colcon.colcon_core.environment:checking '/home/gowthama/gowtham_ws/install/bot_description/bin'
[0.390s] Level 1:colcon.colcon_core.environment:checking '/home/gowthama/gowtham_ws/install/bot_description/lib/pkgconfig/bot_description.pc'
[0.390s] Level 1:colcon.colcon_core.environment:checking '/home/gowthama/gowtham_ws/install/bot_description/lib/python3.10/site-packages'
[0.390s] Level 1:colcon.colcon_core.environment:checking '/home/gowthama/gowtham_ws/install/bot_description/bin'
[0.390s] INFO:colcon.colcon_core.shell:Creating package script '/home/gowthama/gowtham_ws/install/bot_description/share/bot_description/package.ps1'
[0.391s] INFO:colcon.colcon_core.shell:Creating package descriptor '/home/gowthama/gowtham_ws/install/bot_description/share/bot_description/package.dsv'
[0.391s] INFO:colcon.colcon_core.shell:Creating package script '/home/gowthama/gowtham_ws/install/bot_description/share/bot_description/package.sh'
[0.392s] INFO:colcon.colcon_core.shell:Creating package script '/home/gowthama/gowtham_ws/install/bot_description/share/bot_description/package.bash'
[0.392s] INFO:colcon.colcon_core.shell:Creating package script '/home/gowthama/gowtham_ws/install/bot_description/share/bot_description/package.zsh'
[0.393s] Level 1:colcon.colcon_core.environment:create_file_with_runtime_dependencies(/home/gowthama/gowtham_ws/install/bot_description/share/colcon-core/packages/bot_description)
[0.393s] Level 1:colcon.colcon_core.environment:create_environment_scripts_only(bot_description)
[0.393s] Level 1:colcon.colcon_core.environment:checking '/home/gowthama/gowtham_ws/install/bot_description' for CMake module files
[0.394s] Level 1:colcon.colcon_core.environment:checking '/home/gowthama/gowtham_ws/install/bot_description' for CMake config files
[0.394s] Level 1:colcon.colcon_core.shell:create_environment_hook('bot_description', 'cmake_prefix_path')
[0.394s] INFO:colcon.colcon_core.shell:Creating environment hook '/home/gowthama/gowtham_ws/install/bot_description/share/bot_description/hook/cmake_prefix_path.ps1'
[0.395s] INFO:colcon.colcon_core.shell:Creating environment descriptor '/home/gowthama/gowtham_ws/install/bot_description/share/bot_description/hook/cmake_prefix_path.dsv'
[0.395s] INFO:colcon.colcon_core.shell:Creating environment hook '/home/gowthama/gowtham_ws/install/bot_description/share/bot_description/hook/cmake_prefix_path.sh'
[0.395s] Level 1:colcon.colcon_core.environment:checking '/home/gowthama/gowtham_ws/install/bot_description/bin'
[0.395s] Level 1:colcon.colcon_core.environment:checking '/home/gowthama/gowtham_ws/install/bot_description/lib/pkgconfig/bot_description.pc'
[0.395s] Level 1:colcon.colcon_core.environment:checking '/home/gowthama/gowtham_ws/install/bot_description/lib/python3.10/site-packages'
[0.396s] Level 1:colcon.colcon_core.environment:checking '/home/gowthama/gowtham_ws/install/bot_description/bin'
[0.396s] INFO:colcon.colcon_core.shell:Creating package script '/home/gowthama/gowtham_ws/install/bot_description/share/bot_description/package.ps1'
[0.396s] INFO:colcon.colcon_core.shell:Creating package descriptor '/home/gowthama/gowtham_ws/install/bot_description/share/bot_description/package.dsv'
[0.396s] INFO:colcon.colcon_core.shell:Creating package script '/home/gowthama/gowtham_ws/install/bot_description/share/bot_description/package.sh'
[0.397s] INFO:colcon.colcon_core.shell:Creating package script '/home/gowthama/gowtham_ws/install/bot_description/share/bot_description/package.bash'
[0.397s] INFO:colcon.colcon_core.shell:Creating package script '/home/gowthama/gowtham_ws/install/bot_description/share/bot_description/package.zsh'
[0.397s] Level 1:colcon.colcon_core.environment:create_file_with_runtime_dependencies(/home/gowthama/gowtham_ws/install/bot_description/share/colcon-core/packages/bot_description)
[0.773s] DEBUG:colcon.colcon_core.event_handler.log_command:Invoked command in '/home/gowthama/gowtham_ws/build/bot_world' returned '0': CMAKE_PREFIX_PATH=/home/gowthama/gowtham_ws/install/robot_control:/home/gowthama/gowtham_ws/install/gowtham_ros:/home/gowthama/gowtham_ws/install/bot_world:/home/gowthama/gowtham_ws/install/bot_description:/home/gowthama/ros2_ws/install/ydlidar_sdk:/home/gowthama/ros2_ws/install/ydlidar_ros2_driver:/opt/ros/humble:/home/gowthama/ros2_ws/install/custom_robot_description:/home/gowthama/ros2_ws/install/aws_robomaker_hospital_world /usr/bin/cmake --build /home/gowthama/gowtham_ws/build/bot_world -- -j12 -l12
[0.775s] DEBUG:colcon.colcon_core.event_handler.log_command:Invoking command in '/home/gowthama/gowtham_ws/build/bot_world': CMAKE_PREFIX_PATH=/home/gowthama/gowtham_ws/install/robot_control:/home/gowthama/gowtham_ws/install/gowtham_ros:/home/gowthama/gowtham_ws/install/bot_world:/home/gowthama/gowtham_ws/install/bot_description:/home/gowthama/ros2_ws/install/ydlidar_sdk:/home/gowthama/ros2_ws/install/ydlidar_ros2_driver:/opt/ros/humble:/home/gowthama/ros2_ws/install/custom_robot_description:/home/gowthama/ros2_ws/install/aws_robomaker_hospital_world /usr/bin/cmake --install /home/gowthama/gowtham_ws/build/bot_world
[0.784s] Level 1:colcon.colcon_core.environment:create_environment_scripts_only(bot_world)
[0.784s] Level 1:colcon.colcon_core.environment:checking '/home/gowthama/gowtham_ws/install/bot_world' for CMake module files
[0.785s] DEBUG:colcon.colcon_core.event_handler.log_command:Invoked command in '/home/gowthama/gowtham_ws/build/bot_world' returned '0': CMAKE_PREFIX_PATH=/home/gowthama/gowtham_ws/install/robot_control:/home/gowthama/gowtham_ws/install/gowtham_ros:/home/gowthama/gowtham_ws/install/bot_world:/home/gowthama/gowtham_ws/install/bot_description:/home/gowthama/ros2_ws/install/ydlidar_sdk:/home/gowthama/ros2_ws/install/ydlidar_ros2_driver:/opt/ros/humble:/home/gowthama/ros2_ws/install/custom_robot_description:/home/gowthama/ros2_ws/install/aws_robomaker_hospital_world /usr/bin/cmake --install /home/gowthama/gowtham_ws/build/bot_world
[0.785s] Level 1:colcon.colcon_core.environment:checking '/home/gowthama/gowtham_ws/install/bot_world' for CMake config files
[0.786s] Level 1:colcon.colcon_core.shell:create_environment_hook('bot_world', 'cmake_prefix_path')
[0.786s] INFO:colcon.colcon_core.shell:Creating environment hook '/home/gowthama/gowtham_ws/install/bot_world/share/bot_world/hook/cmake_prefix_path.ps1'
[0.787s] INFO:colcon.colcon_core.shell:Creating environment descriptor '/home/gowthama/gowtham_ws/install/bot_world/share/bot_world/hook/cmake_prefix_path.dsv'
[0.787s] INFO:colcon.colcon_core.shell:Creating environment hook '/home/gowthama/gowtham_ws/install/bot_world/share/bot_world/hook/cmake_prefix_path.sh'
[0.788s] Level 1:colcon.colcon_core.environment:checking '/home/gowthama/gowtham_ws/install/bot_world/lib'
[0.788s] Level 1:colcon.colcon_core.environment:checking '/home/gowthama/gowtham_ws/install/bot_world/bin'
[0.788s] Level 1:colcon.colcon_core.environment:checking '/home/gowthama/gowtham_ws/install/bot_world/lib/pkgconfig/bot_world.pc'
[0.788s] Level 1:colcon.colcon_core.environment:checking '/home/gowthama/gowtham_ws/install/bot_world/lib/python3.10/site-packages'
[0.788s] Level 1:colcon.colcon_core.environment:checking '/home/gowthama/gowtham_ws/install/bot_world/bin'
[0.788s] INFO:colcon.colcon_core.shell:Creating package script '/home/gowthama/gowtham_ws/install/bot_world/share/bot_world/package.ps1'
[0.789s] INFO:colcon.colcon_core.shell:Creating package descriptor '/home/gowthama/gowtham_ws/install/bot_world/share/bot_world/package.dsv'
[0.789s] INFO:colcon.colcon_core.shell:Creating package script '/home/gowthama/gowtham_ws/install/bot_world/share/bot_world/package.sh'
[0.790s] INFO:colcon.colcon_core.shell:Creating package script '/home/gowthama/gowtham_ws/install/bot_world/share/bot_world/package.bash'
[0.790s] INFO:colcon.colcon_core.shell:Creating package script '/home/gowthama/gowtham_ws/install/bot_world/share/bot_world/package.zsh'
[0.790s] Level 1:colcon.colcon_core.environment:create_file_with_runtime_dependencies(/home/gowthama/gowtham_ws/install/bot_world/share/colcon-core/packages/bot_world)
[0.791s] Level 1:colcon.colcon_core.environment:create_environment_scripts_only(bot_world)
[0.791s] Level 1:colcon.colcon_core.environment:checking '/home/gowthama/gowtham_ws/install/bot_world' for CMake module files
[0.791s] Level 1:colcon.colcon_core.environment:checking '/home/gowthama/gowtham_ws/install/bot_world' for CMake config files
[0.792s] Level 1:colcon.colcon_core.shell:create_environment_hook('bot_world', 'cmake_prefix_path')
[0.792s] INFO:colcon.colcon_core.shell:Creating environment hook '/home/gowthama/gowtham_ws/install/bot_world/share/bot_world/hook/cmake_prefix_path.ps1'
[0.792s] INFO:colcon.colcon_core.shell:Creating environment descriptor '/home/gowthama/gowtham_ws/install/bot_world/share/bot_world/hook/cmake_prefix_path.dsv'
[0.792s] INFO:colcon.colcon_core.shell:Creating environment hook '/home/gowthama/gowtham_ws/install/bot_world/share/bot_world/hook/cmake_prefix_path.sh'
[0.793s] Level 1:colcon.colcon_core.environment:checking '/home/gowthama/gowtham_ws/install/bot_world/lib'
[0.793s] Level 1:colcon.colcon_core.environment:checking '/home/gowthama/gowtham_ws/install/bot_world/bin'
[0.793s] Level 1:colcon.colcon_core.environment:checking '/home/gowthama/gowtham_ws/install/bot_world/lib/pkgconfig/bot_world.pc'
[0.793s] Level 1:colcon.colcon_core.environment:checking '/home/gowthama/gowtham_ws/install/bot_world/lib/python3.10/site-packages'
[0.793s] Level 1:colcon.colcon_core.environment:checking '/home/gowthama/gowtham_ws/install/bot_world/bin'
[0.794s] INFO:colcon.colcon_core.shell:Creating package script '/home/gowthama/gowtham_ws/install/bot_world/share/bot_world/package.ps1'
[0.794s] INFO:colcon.colcon_core.shell:Creating package descriptor '/home/gowthama/gowtham_ws/install/bot_world/share/bot_world/package.dsv'
[0.794s] INFO:colcon.colcon_core.shell:Creating package script '/home/gowthama/gowtham_ws/install/bot_world/share/bot_world/package.sh'
[0.795s] INFO:colcon.colcon_core.shell:Creating package script '/home/gowthama/gowtham_ws/install/bot_world/share/bot_world/package.bash'
[0.795s] INFO:colcon.colcon_core.shell:Creating package script '/home/gowthama/gowtham_ws/install/bot_world/share/bot_world/package.zsh'
[0.795s] Level 1:colcon.colcon_core.environment:create_file_with_runtime_dependencies(/home/gowthama/gowtham_ws/install/bot_world/share/colcon-core/packages/bot_world)
[7.131s] DEBUG:colcon.colcon_core.event_handler.log_command:Invoked command in '/home/gowthama/gowtham_ws/build/bot_control' returned '0': CMAKE_PREFIX_PATH=/home/gowthama/gowtham_ws/install/robot_control:/home/gowthama/gowtham_ws/install/gowtham_ros:/home/gowthama/gowtham_ws/install/bot_world:/home/gowthama/gowtham_ws/install/bot_description:/home/gowthama/ros2_ws/install/ydlidar_sdk:/home/gowthama/ros2_ws/install/ydlidar_ros2_driver:/opt/ros/humble:/home/gowthama/ros2_ws/install/custom_robot_description:/home/gowthama/ros2_ws/install/aws_robomaker_hospital_world /usr/bin/cmake --build /home/gowthama/gowtham_ws/build/bot_control -- -j12 -l12
[7.133s] DEBUG:colcon.colcon_core.event_handler.log_command:Invoking command in '/home/gowthama/gowtham_ws/build/bot_control': CMAKE_PREFIX_PATH=/home/gowthama/gowtham_ws/install/robot_control:/home/gowthama/gowtham_ws/install/gowtham_ros:/home/gowthama/gowtham_ws/install/bot_world:/home/gowthama/gowtham_ws/install/bot_description:/home/gowthama/ros2_ws/install/ydlidar_sdk:/home/gowthama/ros2_ws/install/ydlidar_ros2_driver:/opt/ros/humble:/home/gowthama/ros2_ws/install/custom_robot_description:/home/gowthama/ros2_ws/install/aws_robomaker_hospital_world /usr/bin/cmake --install /home/gowthama/gowtham_ws/build/bot_control
[7.152s] DEBUG:colcon.colcon_core.event_handler.log_command:Invoked command in '/home/gowthama/gowtham_ws/build/bot_control' returned '1': CMAKE_PREFIX_PATH=/home/gowthama/gowtham_ws/install/robot_control:/home/gowthama/gowtham_ws/install/gowtham_ros:/home/gowthama/gowtham_ws/install/bot_world:/home/gowthama/gowtham_ws/install/bot_description:/home/gowthama/ros2_ws/install/ydlidar_sdk:/home/gowthama/ros2_ws/install/ydlidar_ros2_driver:/opt/ros/humble:/home/gowthama/ros2_ws/install/custom_robot_description:/home/gowthama/ros2_ws/install/aws_robomaker_hospital_world /usr/bin/cmake --install /home/gowthama/gowtham_ws/build/bot_control
[7.152s] Level 1:colcon.colcon_core.environment:create_environment_scripts_only(bot_control)
[7.152s] Level 1:colcon.colcon_core.environment:checking '/home/gowthama/gowtham_ws/install/bot_control' for CMake module files
[7.153s] Level 1:colcon.colcon_core.environment:checking '/home/gowthama/gowtham_ws/install/bot_control' for CMake config files
[7.153s] Level 1:colcon.colcon_core.environment:checking '/home/gowthama/gowtham_ws/install/bot_control/bin'
[7.153s] Level 1:colcon.colcon_core.environment:checking '/home/gowthama/gowtham_ws/install/bot_control/lib/pkgconfig/bot_control.pc'
[7.153s] Level 1:colcon.colcon_core.environment:checking '/home/gowthama/gowtham_ws/install/bot_control/lib/python3.10/site-packages'
[7.153s] Level 1:colcon.colcon_core.environment:checking '/home/gowthama/gowtham_ws/install/bot_control/bin'
[7.153s] INFO:colcon.colcon_core.shell:Creating package script '/home/gowthama/gowtham_ws/install/bot_control/share/bot_control/package.ps1'
[7.154s] INFO:colcon.colcon_core.shell:Creating package descriptor '/home/gowthama/gowtham_ws/install/bot_control/share/bot_control/package.dsv'
[7.154s] INFO:colcon.colcon_core.shell:Creating package script '/home/gowthama/gowtham_ws/install/bot_control/share/bot_control/package.sh'
[7.154s] INFO:colcon.colcon_core.shell:Creating package script '/home/gowthama/gowtham_ws/install/bot_control/share/bot_control/package.bash'
[7.155s] INFO:colcon.colcon_core.shell:Creating package script '/home/gowthama/gowtham_ws/install/bot_control/share/bot_control/package.zsh'
[7.155s] Level 1:colcon.colcon_core.environment:create_file_with_runtime_dependencies(/home/gowthama/gowtham_ws/install/bot_control/share/colcon-core/packages/bot_control)
[7.165s] DEBUG:colcon.colcon_parallel_executor.executor.parallel:closing loop
[7.166s] DEBUG:colcon.colcon_parallel_executor.executor.parallel:loop closed
[7.166s] DEBUG:colcon.colcon_parallel_executor.executor.parallel:run_until_complete finished with '1'
[7.166s] DEBUG:colcon.colcon_core.event_reactor:joining thread
[7.170s] INFO:colcon.colcon_core.plugin_system:Skipping extension 'colcon_notification.desktop_notification.terminal_notifier': Not used on non-Darwin systems
[7.170s] INFO:colcon.colcon_core.plugin_system:Skipping extension 'colcon_notification.desktop_notification.win32': Not used on non-Windows systems
[7.170s] INFO:colcon.colcon_notification.desktop_notification:Sending desktop notification using 'notify2'
[7.179s] DEBUG:colcon.colcon_core.event_reactor:joined thread
[7.179s] INFO:colcon.colcon_core.shell:Creating prefix script '/home/gowthama/gowtham_ws/install/local_setup.ps1'
[7.180s] INFO:colcon.colcon_core.shell:Creating prefix util module '/home/gowthama/gowtham_ws/install/_local_setup_util_ps1.py'
[7.182s] INFO:colcon.colcon_core.shell:Creating prefix chain script '/home/gowthama/gowtham_ws/install/setup.ps1'
[7.183s] INFO:colcon.colcon_core.shell:Creating prefix script '/home/gowthama/gowtham_ws/install/local_setup.sh'
[7.183s] INFO:colcon.colcon_core.shell:Creating prefix util module '/home/gowthama/gowtham_ws/install/_local_setup_util_sh.py'
[7.184s] INFO:colcon.colcon_core.shell:Creating prefix chain script '/home/gowthama/gowtham_ws/install/setup.sh'
[7.185s] INFO:colcon.colcon_core.shell:Creating prefix script '/home/gowthama/gowtham_ws/install/local_setup.bash'
[7.185s] INFO:colcon.colcon_core.shell:Creating prefix chain script '/home/gowthama/gowtham_ws/install/setup.bash'
[7.186s] INFO:colcon.colcon_core.shell:Creating prefix script '/home/gowthama/gowtham_ws/install/local_setup.zsh'
[7.186s] INFO:colcon.colcon_core.shell:Creating prefix chain script '/home/gowthama/gowtham_ws/install/setup.zsh'
