[0.009s] Invoking command in '/home/gowthama/gowtham_ws/build/bot_description': CMAKE_PREFIX_PATH=/home/gowthama/gowtham_ws/src/install/bot_description:/home/gowthama/gowtham_ws/install/robot_control:/home/gowthama/gowtham_ws/install/gowtham_ros:/home/gowthama/ros2_ws/install/ydlidar_sdk:/home/gowthama/ros2_ws/install/ydlidar_ros2_driver:/opt/ros/humble:/home/gowthama/ros2_ws/install/custom_robot_description:/home/gowthama/ros2_ws/install/aws_robomaker_hospital_world /usr/bin/cmake /home/gowthama/gowtham_ws/src/bot_description -DAMENT_CMAKE_SYMLINK_INSTALL=1 -DCMAKE_INSTALL_PREFIX=/home/gowthama/gowtham_ws/install/bot_description
[0.053s] -- The C compiler identification is GNU 11.4.0
[0.095s] -- The CXX compiler identification is GNU 11.4.0
[0.101s] -- Detecting C compiler ABI info
[0.159s] -- Detecting C compiler ABI info - done
[0.164s] -- Check for working C compiler: /usr/bin/cc - skipped
[0.165s] -- Detecting C compile features
[0.165s] -- Detecting C compile features - done
[0.167s] -- Detecting CXX compiler ABI info
[0.233s] -- Detecting CXX compiler ABI info - done
[0.239s] -- Check for working CXX compiler: /usr/bin/c++ - skipped
[0.239s] -- Detecting CXX compile features
[0.239s] -- Detecting CXX compile features - done
[0.242s] -- Found ament_cmake: 1.3.11 (/opt/ros/humble/share/ament_cmake/cmake)
[0.358s] -- Found Python3: /usr/bin/python3 (found version "3.10.12") found components: Interpreter 
[0.407s] -- Override CMake install command with custom implementation using symlinks instead of copying resources
[0.436s] -- Found ament_lint_auto: 0.12.12 (/opt/ros/humble/share/ament_lint_auto/cmake)
[0.499s] -- Added test 'copyright' to check source files copyright and LICENSE
[0.505s] -- Added test 'flake8' to check Python code syntax and style conventions
[0.506s] -- Added test 'lint_cmake' to check CMake code style
[0.507s] -- Added test 'pep257' to check Python code against some of the docstring style conventions in PEP 257
[0.510s] -- Added test 'xmllint' to check XML markup files
[0.512s] -- Configuring done
[0.514s] -- Generating done
[0.516s] -- Build files have been written to: /home/gowthama/gowtham_ws/build/bot_description
[0.520s] Invoked command in '/home/gowthama/gowtham_ws/build/bot_description' returned '0': CMAKE_PREFIX_PATH=/home/gowthama/gowtham_ws/src/install/bot_description:/home/gowthama/gowtham_ws/install/robot_control:/home/gowthama/gowtham_ws/install/gowtham_ros:/home/gowthama/ros2_ws/install/ydlidar_sdk:/home/gowthama/ros2_ws/install/ydlidar_ros2_driver:/opt/ros/humble:/home/gowthama/ros2_ws/install/custom_robot_description:/home/gowthama/ros2_ws/install/aws_robomaker_hospital_world /usr/bin/cmake /home/gowthama/gowtham_ws/src/bot_description -DAMENT_CMAKE_SYMLINK_INSTALL=1 -DCMAKE_INSTALL_PREFIX=/home/gowthama/gowtham_ws/install/bot_description
[0.521s] Invoking command in '/home/gowthama/gowtham_ws/build/bot_description': CMAKE_PREFIX_PATH=/home/gowthama/gowtham_ws/src/install/bot_description:/home/gowthama/gowtham_ws/install/robot_control:/home/gowthama/gowtham_ws/install/gowtham_ros:/home/gowthama/ros2_ws/install/ydlidar_sdk:/home/gowthama/ros2_ws/install/ydlidar_ros2_driver:/opt/ros/humble:/home/gowthama/ros2_ws/install/custom_robot_description:/home/gowthama/ros2_ws/install/aws_robomaker_hospital_world /usr/bin/cmake --build /home/gowthama/gowtham_ws/build/bot_description -- -j12 -l12
[0.555s] Invoked command in '/home/gowthama/gowtham_ws/build/bot_description' returned '0': CMAKE_PREFIX_PATH=/home/gowthama/gowtham_ws/src/install/bot_description:/home/gowthama/gowtham_ws/install/robot_control:/home/gowthama/gowtham_ws/install/gowtham_ros:/home/gowthama/ros2_ws/install/ydlidar_sdk:/home/gowthama/ros2_ws/install/ydlidar_ros2_driver:/opt/ros/humble:/home/gowthama/ros2_ws/install/custom_robot_description:/home/gowthama/ros2_ws/install/aws_robomaker_hospital_world /usr/bin/cmake --build /home/gowthama/gowtham_ws/build/bot_description -- -j12 -l12
[0.563s] Invoking command in '/home/gowthama/gowtham_ws/build/bot_description': CMAKE_PREFIX_PATH=/home/gowthama/gowtham_ws/src/install/bot_description:/home/gowthama/gowtham_ws/install/robot_control:/home/gowthama/gowtham_ws/install/gowtham_ros:/home/gowthama/ros2_ws/install/ydlidar_sdk:/home/gowthama/ros2_ws/install/ydlidar_ros2_driver:/opt/ros/humble:/home/gowthama/ros2_ws/install/custom_robot_description:/home/gowthama/ros2_ws/install/aws_robomaker_hospital_world /usr/bin/cmake --install /home/gowthama/gowtham_ws/build/bot_description
[0.569s] -- Install configuration: ""
[0.569s] -- Execute custom install script
[0.569s] -- Symlinking: /home/gowthama/gowtham_ws/install/bot_description/share/bot_description/config/empty.yaml
[0.577s] -- Symlinking: /home/gowthama/gowtham_ws/install/bot_description/share/bot_description/description/inertial_macros.xacro
[0.583s] -- Symlinking: /home/gowthama/gowtham_ws/install/bot_description/share/bot_description/description/robot.urdf.xacro
[0.590s] -- Symlinking: /home/gowthama/gowtham_ws/install/bot_description/share/bot_description/description/robot_core.xacro
[0.597s] -- Symlinking: /home/gowthama/gowtham_ws/install/bot_description/share/bot_description/launch/rviz.py
[0.605s] -- Symlinking: /home/gowthama/gowtham_ws/install/bot_description/share/bot_description/worlds/empty.world
[0.612s] -- Symlinking: /home/gowthama/gowtham_ws/install/bot_description/share/ament_index/resource_index/package_run_dependencies/bot_description
[0.619s] -- Symlinking: /home/gowthama/gowtham_ws/install/bot_description/share/ament_index/resource_index/parent_prefix_path/bot_description
[0.627s] -- Symlinking: /home/gowthama/gowtham_ws/install/bot_description/share/bot_description/environment/ament_prefix_path.sh
[0.636s] -- Symlinking: /home/gowthama/gowtham_ws/install/bot_description/share/bot_description/environment/ament_prefix_path.dsv
[0.643s] -- Symlinking: /home/gowthama/gowtham_ws/install/bot_description/share/bot_description/environment/path.sh
[0.651s] -- Symlinking: /home/gowthama/gowtham_ws/install/bot_description/share/bot_description/environment/path.dsv
[0.658s] -- Symlinking: /home/gowthama/gowtham_ws/install/bot_description/share/bot_description/local_setup.bash
[0.665s] -- Symlinking: /home/gowthama/gowtham_ws/install/bot_description/share/bot_description/local_setup.sh
[0.672s] -- Symlinking: /home/gowthama/gowtham_ws/install/bot_description/share/bot_description/local_setup.zsh
[0.679s] -- Symlinking: /home/gowthama/gowtham_ws/install/bot_description/share/bot_description/local_setup.dsv
[0.686s] -- Symlinking: /home/gowthama/gowtham_ws/install/bot_description/share/bot_description/package.dsv
[0.693s] -- Symlinking: /home/gowthama/gowtham_ws/install/bot_description/share/ament_index/resource_index/packages/bot_description
[0.700s] -- Symlinking: /home/gowthama/gowtham_ws/install/bot_description/share/bot_description/cmake/bot_descriptionConfig.cmake
[0.707s] -- Symlinking: /home/gowthama/gowtham_ws/install/bot_description/share/bot_description/cmake/bot_descriptionConfig-version.cmake
[0.714s] -- Symlinking: /home/gowthama/gowtham_ws/install/bot_description/share/bot_description/package.xml
[0.723s] Invoked command in '/home/gowthama/gowtham_ws/build/bot_description' returned '0': CMAKE_PREFIX_PATH=/home/gowthama/gowtham_ws/src/install/bot_description:/home/gowthama/gowtham_ws/install/robot_control:/home/gowthama/gowtham_ws/install/gowtham_ros:/home/gowthama/ros2_ws/install/ydlidar_sdk:/home/gowthama/ros2_ws/install/ydlidar_ros2_driver:/opt/ros/humble:/home/gowthama/ros2_ws/install/custom_robot_description:/home/gowthama/ros2_ws/install/aws_robomaker_hospital_world /usr/bin/cmake --install /home/gowthama/gowtham_ws/build/bot_description
