[0.015s] Invoking command in '/home/gowthama/gowtham_ws/build/gowtham_ros': CMAKE_PREFIX_PATH=/home/gowthama/gowtham_ws/src/install/bot_description:/home/gowthama/gowtham_ws/install/robot_control:/home/gowthama/ros2_ws/install/ydlidar_sdk:/home/gowthama/ros2_ws/install/ydlidar_ros2_driver:/opt/ros/humble:/home/gowthama/ros2_ws/install/custom_robot_description:/home/gowthama/ros2_ws/install/aws_robomaker_hospital_world /usr/bin/cmake /home/gowthama/gowtham_ws/src/bot_description -DAMENT_CMAKE_SYMLINK_INSTALL=1 -DCMAKE_INSTALL_PREFIX=/home/gowthama/gowtham_ws/install/gowtham_ros
[0.086s] -- The C compiler identification is GNU 11.4.0
[0.157s] -- The CXX compiler identification is GNU 11.4.0
[0.167s] -- Detecting C compiler ABI info
[0.264s] -- Detecting C compiler ABI info - done
[0.272s] -- Check for working C compiler: /usr/bin/cc - skipped
[0.272s] -- Detecting C compile features
[0.273s] -- Detecting C compile features - done
[0.276s] -- Detecting CXX compiler ABI info
[0.387s] -- Detecting CXX compiler ABI info - done
[0.397s] -- Check for working CXX compiler: /usr/bin/c++ - skipped
[0.397s] -- Detecting CXX compile features
[0.398s] -- Detecting CXX compile features - done
[0.402s] -- Found ament_cmake: 1.3.11 (/opt/ros/humble/share/ament_cmake/cmake)
[0.591s] -- Found Python3: /usr/bin/python3 (found version "3.10.12") found components: Interpreter 
[0.666s] -- Override CMake install command with custom implementation using symlinks instead of copying resources
[0.709s] -- Found ament_lint_auto: 0.12.12 (/opt/ros/humble/share/ament_lint_auto/cmake)
[0.811s] -- Added test 'copyright' to check source files copyright and LICENSE
[0.833s] -- Added test 'flake8' to check Python code syntax and style conventions
[0.837s] -- Added test 'lint_cmake' to check CMake code style
[0.839s] -- Added test 'pep257' to check Python code against some of the docstring style conventions in PEP 257
[0.851s] -- Added test 'xmllint' to check XML markup files
[0.853s] -- Configuring done
[0.858s] -- Generating done
[0.860s] -- Build files have been written to: /home/gowthama/gowtham_ws/build/gowtham_ros
[0.867s] Invoked command in '/home/gowthama/gowtham_ws/build/gowtham_ros' returned '0': CMAKE_PREFIX_PATH=/home/gowthama/gowtham_ws/src/install/bot_description:/home/gowthama/gowtham_ws/install/robot_control:/home/gowthama/ros2_ws/install/ydlidar_sdk:/home/gowthama/ros2_ws/install/ydlidar_ros2_driver:/opt/ros/humble:/home/gowthama/ros2_ws/install/custom_robot_description:/home/gowthama/ros2_ws/install/aws_robomaker_hospital_world /usr/bin/cmake /home/gowthama/gowtham_ws/src/bot_description -DAMENT_CMAKE_SYMLINK_INSTALL=1 -DCMAKE_INSTALL_PREFIX=/home/gowthama/gowtham_ws/install/gowtham_ros
[0.870s] Invoking command in '/home/gowthama/gowtham_ws/build/gowtham_ros': CMAKE_PREFIX_PATH=/home/gowthama/gowtham_ws/src/install/bot_description:/home/gowthama/gowtham_ws/install/robot_control:/home/gowthama/ros2_ws/install/ydlidar_sdk:/home/gowthama/ros2_ws/install/ydlidar_ros2_driver:/opt/ros/humble:/home/gowthama/ros2_ws/install/custom_robot_description:/home/gowthama/ros2_ws/install/aws_robomaker_hospital_world /usr/bin/cmake --build /home/gowthama/gowtham_ws/build/gowtham_ros -- -j12 -l12
[0.922s] Invoked command in '/home/gowthama/gowtham_ws/build/gowtham_ros' returned '0': CMAKE_PREFIX_PATH=/home/gowthama/gowtham_ws/src/install/bot_description:/home/gowthama/gowtham_ws/install/robot_control:/home/gowthama/ros2_ws/install/ydlidar_sdk:/home/gowthama/ros2_ws/install/ydlidar_ros2_driver:/opt/ros/humble:/home/gowthama/ros2_ws/install/custom_robot_description:/home/gowthama/ros2_ws/install/aws_robomaker_hospital_world /usr/bin/cmake --build /home/gowthama/gowtham_ws/build/gowtham_ros -- -j12 -l12
[0.937s] Invoking command in '/home/gowthama/gowtham_ws/build/gowtham_ros': CMAKE_PREFIX_PATH=/home/gowthama/gowtham_ws/src/install/bot_description:/home/gowthama/gowtham_ws/install/robot_control:/home/gowthama/ros2_ws/install/ydlidar_sdk:/home/gowthama/ros2_ws/install/ydlidar_ros2_driver:/opt/ros/humble:/home/gowthama/ros2_ws/install/custom_robot_description:/home/gowthama/ros2_ws/install/aws_robomaker_hospital_world /usr/bin/cmake --install /home/gowthama/gowtham_ws/build/gowtham_ros
[0.946s] -- Install configuration: ""
[0.947s] -- Execute custom install script
[0.947s] -- Symlinking: /home/gowthama/gowtham_ws/install/gowtham_ros/share/gowtham_ros/config/empty.yaml
[0.960s] -- Symlinking: /home/gowthama/gowtham_ws/install/gowtham_ros/share/gowtham_ros/description/gazebo_control.xacro
[0.971s] -- Symlinking: /home/gowthama/gowtham_ws/install/gowtham_ros/share/gowtham_ros/description/inertial_macros.xacro
[0.984s] -- Symlinking: /home/gowthama/gowtham_ws/install/gowtham_ros/share/gowtham_ros/description/lidar.xacro
[0.995s] -- Symlinking: /home/gowthama/gowtham_ws/install/gowtham_ros/share/gowtham_ros/description/robot.urdf.xacro
[1.008s] -- Symlinking: /home/gowthama/gowtham_ws/install/gowtham_ros/share/gowtham_ros/description/robot_core.xacro
[1.020s] -- Symlinking: /home/gowthama/gowtham_ws/install/gowtham_ros/share/gowtham_ros/launch/launch_sim.launch.py
[1.032s] -- Symlinking: /home/gowthama/gowtham_ws/install/gowtham_ros/share/gowtham_ros/launch/rviz.py
[1.045s] -- Symlinking: /home/gowthama/gowtham_ws/install/gowtham_ros/share/gowtham_ros/worlds/empty.world
[1.058s] -- Symlinking: /home/gowthama/gowtham_ws/install/gowtham_ros/share/ament_index/resource_index/package_run_dependencies/gowtham_ros
[1.071s] -- Symlinking: /home/gowthama/gowtham_ws/install/gowtham_ros/share/ament_index/resource_index/parent_prefix_path/gowtham_ros
[1.085s] -- Symlinking: /home/gowthama/gowtham_ws/install/gowtham_ros/share/gowtham_ros/environment/ament_prefix_path.sh
[1.099s] -- Symlinking: /home/gowthama/gowtham_ws/install/gowtham_ros/share/gowtham_ros/environment/ament_prefix_path.dsv
[1.112s] -- Symlinking: /home/gowthama/gowtham_ws/install/gowtham_ros/share/gowtham_ros/environment/path.sh
[1.124s] -- Symlinking: /home/gowthama/gowtham_ws/install/gowtham_ros/share/gowtham_ros/environment/path.dsv
[1.138s] -- Symlinking: /home/gowthama/gowtham_ws/install/gowtham_ros/share/gowtham_ros/local_setup.bash
[1.150s] -- Symlinking: /home/gowthama/gowtham_ws/install/gowtham_ros/share/gowtham_ros/local_setup.sh
[1.162s] -- Symlinking: /home/gowthama/gowtham_ws/install/gowtham_ros/share/gowtham_ros/local_setup.zsh
[1.174s] -- Symlinking: /home/gowthama/gowtham_ws/install/gowtham_ros/share/gowtham_ros/local_setup.dsv
[1.187s] -- Symlinking: /home/gowthama/gowtham_ws/install/gowtham_ros/share/gowtham_ros/package.dsv
[1.200s] -- Symlinking: /home/gowthama/gowtham_ws/install/gowtham_ros/share/ament_index/resource_index/packages/gowtham_ros
[1.213s] -- Symlinking: /home/gowthama/gowtham_ws/install/gowtham_ros/share/gowtham_ros/cmake/gowtham_rosConfig.cmake
[1.227s] -- Symlinking: /home/gowthama/gowtham_ws/install/gowtham_ros/share/gowtham_ros/cmake/gowtham_rosConfig-version.cmake
[1.241s] -- Symlinking: /home/gowthama/gowtham_ws/install/gowtham_ros/share/gowtham_ros/package.xml
[1.257s] Invoked command in '/home/gowthama/gowtham_ws/build/gowtham_ros' returned '0': CMAKE_PREFIX_PATH=/home/gowthama/gowtham_ws/src/install/bot_description:/home/gowthama/gowtham_ws/install/robot_control:/home/gowthama/ros2_ws/install/ydlidar_sdk:/home/gowthama/ros2_ws/install/ydlidar_ros2_driver:/opt/ros/humble:/home/gowthama/ros2_ws/install/custom_robot_description:/home/gowthama/ros2_ws/install/aws_robomaker_hospital_world /usr/bin/cmake --install /home/gowthama/gowtham_ws/build/gowtham_ros
