[0.011s] Invoking command in '/home/gowthama/gowtham_ws/build/bot_world': CMAKE_PREFIX_PATH=/home/gowthama/gowtham_ws/install/robot_control:/home/gowthama/gowtham_ws/install/gowtham_ros:/home/gowthama/gowtham_ws/install/bot_world:/home/gowthama/gowtham_ws/install/bot_description:/home/gowthama/ros2_ws/install/ydlidar_sdk:/home/gowthama/ros2_ws/install/ydlidar_ros2_driver:/opt/ros/humble:/home/gowthama/ros2_ws/install/custom_robot_description:/home/gowthama/ros2_ws/install/aws_robomaker_hospital_world /usr/bin/cmake /home/gowthama/gowtham_ws/src/bot_world -DAMENT_CMAKE_SYMLINK_INSTALL=1 -DCMAKE_INSTALL_PREFIX=/home/gowthama/gowtham_ws/install/bot_world
[0.022s] -- Found ament_cmake: 1.3.11 (/opt/ros/humble/share/ament_cmake/cmake)
[0.135s] -- Override CMake install command with custom implementation using symlinks instead of copying resources
[0.141s] -- Found rclcpp: 16.0.12 (/opt/ros/humble/share/rclcpp/cmake)
[0.169s] -- Found rosidl_generator_c: 3.1.6 (/opt/ros/humble/share/rosidl_generator_c/cmake)
[0.171s] -- Found rosidl_adapter: 3.1.6 (/opt/ros/humble/share/rosidl_adapter/cmake)
[0.176s] -- Found rosidl_generator_cpp: 3.1.6 (/opt/ros/humble/share/rosidl_generator_cpp/cmake)
[0.185s] -- Using all available rosidl_typesupport_c: rosidl_typesupport_fastrtps_c;rosidl_typesupport_introspection_c
[0.195s] -- Using all available rosidl_typesupport_cpp: rosidl_typesupport_fastrtps_cpp;rosidl_typesupport_introspection_cpp
[0.224s] -- Found rmw_implementation_cmake: 6.1.2 (/opt/ros/humble/share/rmw_implementation_cmake/cmake)
[0.225s] -- Found rmw_fastrtps_cpp: 6.2.7 (/opt/ros/humble/share/rmw_fastrtps_cpp/cmake)
[0.352s] -- Using RMW implementation 'rmw_fastrtps_cpp' as default
[0.397s] -- Found geometry_msgs: 4.8.0 (/opt/ros/humble/share/geometry_msgs/cmake)
[0.408s] -- Found sensor_msgs: 4.8.0 (/opt/ros/humble/share/sensor_msgs/cmake)
[0.423s] -- Found ament_lint_auto: 0.12.12 (/opt/ros/humble/share/ament_lint_auto/cmake)
[0.488s] -- Added test 'copyright' to check source files copyright and LICENSE
[0.490s] -- Added test 'cppcheck' to perform static code analysis on C / C++ code
[0.490s] -- Configured cppcheck include dirs: 
[0.490s] -- Configured cppcheck exclude dirs and/or files: 
[0.491s] -- Added test 'cpplint' to check C / C++ code against the Google style
[0.491s] -- Configured cpplint exclude dirs and/or files: 
[0.491s] -- Added test 'flake8' to check Python code syntax and style conventions
[0.492s] -- Added test 'lint_cmake' to check CMake code style
[0.492s] -- Added test 'pep257' to check Python code against some of the docstring style conventions in PEP 257
[0.493s] -- Added test 'uncrustify' to check C / C++ code style
[0.493s] -- Configured uncrustify additional arguments: 
[0.494s] -- Added test 'xmllint' to check XML markup files
[0.495s] -- Configuring done
[0.505s] -- Generating done
[0.508s] -- Build files have been written to: /home/gowthama/gowtham_ws/build/bot_world
[0.517s] Invoked command in '/home/gowthama/gowtham_ws/build/bot_world' returned '0': CMAKE_PREFIX_PATH=/home/gowthama/gowtham_ws/install/robot_control:/home/gowthama/gowtham_ws/install/gowtham_ros:/home/gowthama/gowtham_ws/install/bot_world:/home/gowthama/gowtham_ws/install/bot_description:/home/gowthama/ros2_ws/install/ydlidar_sdk:/home/gowthama/ros2_ws/install/ydlidar_ros2_driver:/opt/ros/humble:/home/gowthama/ros2_ws/install/custom_robot_description:/home/gowthama/ros2_ws/install/aws_robomaker_hospital_world /usr/bin/cmake /home/gowthama/gowtham_ws/src/bot_world -DAMENT_CMAKE_SYMLINK_INSTALL=1 -DCMAKE_INSTALL_PREFIX=/home/gowthama/gowtham_ws/install/bot_world
[0.518s] Invoking command in '/home/gowthama/gowtham_ws/build/bot_world': CMAKE_PREFIX_PATH=/home/gowthama/gowtham_ws/install/robot_control:/home/gowthama/gowtham_ws/install/gowtham_ros:/home/gowthama/gowtham_ws/install/bot_world:/home/gowthama/gowtham_ws/install/bot_description:/home/gowthama/ros2_ws/install/ydlidar_sdk:/home/gowthama/ros2_ws/install/ydlidar_ros2_driver:/opt/ros/humble:/home/gowthama/ros2_ws/install/custom_robot_description:/home/gowthama/ros2_ws/install/aws_robomaker_hospital_world /usr/bin/cmake --build /home/gowthama/gowtham_ws/build/bot_world -- -j12 -l12
[0.563s] [35m[1mConsolidate compiler generated dependencies of target reading_laser[0m
[0.583s] [100%] Built target reading_laser
[0.596s] Invoked command in '/home/gowthama/gowtham_ws/build/bot_world' returned '0': CMAKE_PREFIX_PATH=/home/gowthama/gowtham_ws/install/robot_control:/home/gowthama/gowtham_ws/install/gowtham_ros:/home/gowthama/gowtham_ws/install/bot_world:/home/gowthama/gowtham_ws/install/bot_description:/home/gowthama/ros2_ws/install/ydlidar_sdk:/home/gowthama/ros2_ws/install/ydlidar_ros2_driver:/opt/ros/humble:/home/gowthama/ros2_ws/install/custom_robot_description:/home/gowthama/ros2_ws/install/aws_robomaker_hospital_world /usr/bin/cmake --build /home/gowthama/gowtham_ws/build/bot_world -- -j12 -l12
[0.597s] Invoking command in '/home/gowthama/gowtham_ws/build/bot_world': CMAKE_PREFIX_PATH=/home/gowthama/gowtham_ws/install/robot_control:/home/gowthama/gowtham_ws/install/gowtham_ros:/home/gowthama/gowtham_ws/install/bot_world:/home/gowthama/gowtham_ws/install/bot_description:/home/gowthama/ros2_ws/install/ydlidar_sdk:/home/gowthama/ros2_ws/install/ydlidar_ros2_driver:/opt/ros/humble:/home/gowthama/ros2_ws/install/custom_robot_description:/home/gowthama/ros2_ws/install/aws_robomaker_hospital_world /usr/bin/cmake --install /home/gowthama/gowtham_ws/build/bot_world
[0.605s] -- Install configuration: ""
[0.606s] -- Execute custom install script
[0.606s] -- Up-to-date symlink: /home/gowthama/gowtham_ws/install/bot_world/share/bot_world/launch/control.launch.py
[0.606s] -- Up-to-date symlink: /home/gowthama/gowtham_ws/install/bot_world/share/bot_world/launch/world.launch.py
[0.606s] -- Up-to-date symlink: /home/gowthama/gowtham_ws/install/bot_world/share/bot_world/worlds/obstacles.world
[0.606s] -- Up-to-date symlink: /home/gowthama/gowtham_ws/install/bot_world/lib/bot_world/reading_laser
[0.607s] -- Up-to-date symlink: /home/gowthama/gowtham_ws/install/bot_world/share/ament_index/resource_index/package_run_dependencies/bot_world
[0.607s] -- Up-to-date symlink: /home/gowthama/gowtham_ws/install/bot_world/share/ament_index/resource_index/parent_prefix_path/bot_world
[0.607s] -- Up-to-date symlink: /home/gowthama/gowtham_ws/install/bot_world/share/bot_world/environment/ament_prefix_path.sh
[0.607s] -- Up-to-date symlink: /home/gowthama/gowtham_ws/install/bot_world/share/bot_world/environment/ament_prefix_path.dsv
[0.607s] -- Up-to-date symlink: /home/gowthama/gowtham_ws/install/bot_world/share/bot_world/environment/path.sh
[0.607s] -- Up-to-date symlink: /home/gowthama/gowtham_ws/install/bot_world/share/bot_world/environment/path.dsv
[0.607s] -- Up-to-date symlink: /home/gowthama/gowtham_ws/install/bot_world/share/bot_world/local_setup.bash
[0.608s] -- Up-to-date symlink: /home/gowthama/gowtham_ws/install/bot_world/share/bot_world/local_setup.sh
[0.608s] -- Up-to-date symlink: /home/gowthama/gowtham_ws/install/bot_world/share/bot_world/local_setup.zsh
[0.608s] -- Up-to-date symlink: /home/gowthama/gowtham_ws/install/bot_world/share/bot_world/local_setup.dsv
[0.608s] -- Symlinking: /home/gowthama/gowtham_ws/install/bot_world/share/bot_world/package.dsv
[0.618s] -- Up-to-date symlink: /home/gowthama/gowtham_ws/install/bot_world/share/ament_index/resource_index/packages/bot_world
[0.619s] -- Up-to-date symlink: /home/gowthama/gowtham_ws/install/bot_world/share/bot_world/cmake/bot_worldConfig.cmake
[0.619s] -- Up-to-date symlink: /home/gowthama/gowtham_ws/install/bot_world/share/bot_world/cmake/bot_worldConfig-version.cmake
[0.619s] -- Up-to-date symlink: /home/gowthama/gowtham_ws/install/bot_world/share/bot_world/package.xml
[0.621s] Invoked command in '/home/gowthama/gowtham_ws/build/bot_world' returned '0': CMAKE_PREFIX_PATH=/home/gowthama/gowtham_ws/install/robot_control:/home/gowthama/gowtham_ws/install/gowtham_ros:/home/gowthama/gowtham_ws/install/bot_world:/home/gowthama/gowtham_ws/install/bot_description:/home/gowthama/ros2_ws/install/ydlidar_sdk:/home/gowthama/ros2_ws/install/ydlidar_ros2_driver:/opt/ros/humble:/home/gowthama/ros2_ws/install/custom_robot_description:/home/gowthama/ros2_ws/install/aws_robomaker_hospital_world /usr/bin/cmake --install /home/gowthama/gowtham_ws/build/bot_world
