[0.025s] Invoking command in '/home/gowthama/gowtham_ws/build/bot_control': CMAKE_PREFIX_PATH=/home/gowthama/gowtham_ws/install/bot_control:/home/gowthama/gowtham_ws/install/robot_control:/home/gowthama/gowtham_ws/install/gowtham_ros:/home/gowthama/gowtham_ws/install/bot_world:/home/gowthama/gowtham_ws/install/bot_description:/home/gowthama/ros2_ws/install/ydlidar_sdk:/home/gowthama/ros2_ws/install/ydlidar_ros2_driver:/opt/ros/humble:/home/gowthama/ros2_ws/install/custom_robot_description:/home/gowthama/ros2_ws/install/aws_robomaker_hospital_world /usr/bin/cmake --build /home/gowthama/gowtham_ws/build/bot_control -- -j12 -l12
[0.101s] [100%] Built target reading_laser
[0.154s] Invoked command in '/home/gowthama/gowtham_ws/build/bot_control' returned '0': CMAKE_PREFIX_PATH=/home/gowthama/gowtham_ws/install/bot_control:/home/gowthama/gowtham_ws/install/robot_control:/home/gowthama/gowtham_ws/install/gowtham_ros:/home/gowthama/gowtham_ws/install/bot_world:/home/gowthama/gowtham_ws/install/bot_description:/home/gowthama/ros2_ws/install/ydlidar_sdk:/home/gowthama/ros2_ws/install/ydlidar_ros2_driver:/opt/ros/humble:/home/gowthama/ros2_ws/install/custom_robot_description:/home/gowthama/ros2_ws/install/aws_robomaker_hospital_world /usr/bin/cmake --build /home/gowthama/gowtham_ws/build/bot_control -- -j12 -l12
[0.155s] Invoking command in '/home/gowthama/gowtham_ws/build/bot_control': CMAKE_PREFIX_PATH=/home/gowthama/gowtham_ws/install/bot_control:/home/gowthama/gowtham_ws/install/robot_control:/home/gowthama/gowtham_ws/install/gowtham_ros:/home/gowthama/gowtham_ws/install/bot_world:/home/gowthama/gowtham_ws/install/bot_description:/home/gowthama/ros2_ws/install/ydlidar_sdk:/home/gowthama/ros2_ws/install/ydlidar_ros2_driver:/opt/ros/humble:/home/gowthama/ros2_ws/install/custom_robot_description:/home/gowthama/ros2_ws/install/aws_robomaker_hospital_world /usr/bin/cmake --install /home/gowthama/gowtham_ws/build/bot_control
[0.165s] -- Install configuration: ""
[0.166s] -- Execute custom install script
[0.166s] -- Up-to-date symlink: /home/gowthama/gowtham_ws/install/bot_control/share/bot_control/launch/control.launch.py
[0.167s] -- Up-to-date symlink: /home/gowthama/gowtham_ws/install/bot_control/lib/bot_control/reading_laser
[0.167s] -- Up-to-date symlink: /home/gowthama/gowtham_ws/install/bot_control/share/ament_index/resource_index/package_run_dependencies/bot_control
[0.167s] -- Up-to-date symlink: /home/gowthama/gowtham_ws/install/bot_control/share/ament_index/resource_index/parent_prefix_path/bot_control
[0.168s] -- Up-to-date symlink: /home/gowthama/gowtham_ws/install/bot_control/share/bot_control/environment/ament_prefix_path.sh
[0.168s] -- Up-to-date symlink: /home/gowthama/gowtham_ws/install/bot_control/share/bot_control/environment/ament_prefix_path.dsv
[0.168s] -- Up-to-date symlink: /home/gowthama/gowtham_ws/install/bot_control/share/bot_control/environment/path.sh
[0.168s] -- Up-to-date symlink: /home/gowthama/gowtham_ws/install/bot_control/share/bot_control/environment/path.dsv
[0.168s] -- Up-to-date symlink: /home/gowthama/gowtham_ws/install/bot_control/share/bot_control/local_setup.bash
[0.168s] -- Up-to-date symlink: /home/gowthama/gowtham_ws/install/bot_control/share/bot_control/local_setup.sh
[0.169s] -- Up-to-date symlink: /home/gowthama/gowtham_ws/install/bot_control/share/bot_control/local_setup.zsh
[0.169s] -- Up-to-date symlink: /home/gowthama/gowtham_ws/install/bot_control/share/bot_control/local_setup.dsv
[0.169s] -- Symlinking: /home/gowthama/gowtham_ws/install/bot_control/share/bot_control/package.dsv
[0.183s] -- Up-to-date symlink: /home/gowthama/gowtham_ws/install/bot_control/share/ament_index/resource_index/packages/bot_control
[0.184s] -- Up-to-date symlink: /home/gowthama/gowtham_ws/install/bot_control/share/bot_control/cmake/bot_controlConfig.cmake
[0.184s] -- Up-to-date symlink: /home/gowthama/gowtham_ws/install/bot_control/share/bot_control/cmake/bot_controlConfig-version.cmake
[0.184s] -- Up-to-date symlink: /home/gowthama/gowtham_ws/install/bot_control/share/bot_control/package.xml
[0.188s] Invoked command in '/home/gowthama/gowtham_ws/build/bot_control' returned '0': CMAKE_PREFIX_PATH=/home/gowthama/gowtham_ws/install/bot_control:/home/gowthama/gowtham_ws/install/robot_control:/home/gowthama/gowtham_ws/install/gowtham_ros:/home/gowthama/gowtham_ws/install/bot_world:/home/gowthama/gowtham_ws/install/bot_description:/home/gowthama/ros2_ws/install/ydlidar_sdk:/home/gowthama/ros2_ws/install/ydlidar_ros2_driver:/opt/ros/humble:/home/gowthama/ros2_ws/install/custom_robot_description:/home/gowthama/ros2_ws/install/aws_robomaker_hospital_world /usr/bin/cmake --install /home/gowthama/gowtham_ws/build/bot_control
