[0.010s] Invoking command in '/home/gowthama/gowtham_ws/build/bot_world': CMAKE_PREFIX_PATH=/home/gowthama/gowtham_ws/install/robot_control:/home/gowthama/gowtham_ws/install/gowtham_ros:/home/gowthama/gowtham_ws/install/bot_world:/home/gowthama/gowtham_ws/install/bot_description:/home/gowthama/ros2_ws/install/ydlidar_sdk:/home/gowthama/ros2_ws/install/ydlidar_ros2_driver:/opt/ros/humble:/home/gowthama/ros2_ws/install/custom_robot_description:/home/gowthama/ros2_ws/install/aws_robomaker_hospital_world /usr/bin/cmake /home/gowthama/gowtham_ws/src/bot_world -DCMAKE_INSTALL_PREFIX=/home/gowthama/gowtham_ws/install/bot_world
[0.022s] -- Found ament_cmake: 1.3.11 (/opt/ros/humble/share/ament_cmake/cmake)
[0.140s] -- Override CMake install command with custom implementation using symlinks instead of copying resources
[0.146s] -- Found rclcpp: 16.0.12 (/opt/ros/humble/share/rclcpp/cmake)
[0.170s] -- Found rosidl_generator_c: 3.1.6 (/opt/ros/humble/share/rosidl_generator_c/cmake)
[0.172s] -- Found rosidl_adapter: 3.1.6 (/opt/ros/humble/share/rosidl_adapter/cmake)
[0.176s] -- Found rosidl_generator_cpp: 3.1.6 (/opt/ros/humble/share/rosidl_generator_cpp/cmake)
[0.184s] -- Using all available rosidl_typesupport_c: rosidl_typesupport_fastrtps_c;rosidl_typesupport_introspection_c
[0.193s] -- Using all available rosidl_typesupport_cpp: rosidl_typesupport_fastrtps_cpp;rosidl_typesupport_introspection_cpp
[0.218s] -- Found rmw_implementation_cmake: 6.1.2 (/opt/ros/humble/share/rmw_implementation_cmake/cmake)
[0.219s] -- Found rmw_fastrtps_cpp: 6.2.7 (/opt/ros/humble/share/rmw_fastrtps_cpp/cmake)
[0.318s] -- Using RMW implementation 'rmw_fastrtps_cpp' as default
[0.356s] -- Found geometry_msgs: 4.8.0 (/opt/ros/humble/share/geometry_msgs/cmake)
[0.366s] -- Found sensor_msgs: 4.8.0 (/opt/ros/humble/share/sensor_msgs/cmake)
[0.379s] -- Found ament_lint_auto: 0.12.12 (/opt/ros/humble/share/ament_lint_auto/cmake)
[0.436s] -- Added test 'copyright' to check source files copyright and LICENSE
[0.437s] -- Added test 'cppcheck' to perform static code analysis on C / C++ code
[0.437s] -- Configured cppcheck include dirs: 
[0.437s] -- Configured cppcheck exclude dirs and/or files: 
[0.438s] -- Added test 'cpplint' to check C / C++ code against the Google style
[0.438s] -- Configured cpplint exclude dirs and/or files: 
[0.438s] -- Added test 'flake8' to check Python code syntax and style conventions
[0.439s] -- Added test 'lint_cmake' to check CMake code style
[0.439s] -- Added test 'pep257' to check Python code against some of the docstring style conventions in PEP 257
[0.440s] -- Added test 'uncrustify' to check C / C++ code style
[0.440s] -- Configured uncrustify additional arguments: 
[0.440s] -- Added test 'xmllint' to check XML markup files
[0.441s] -- Configuring done
[0.444s] [31mCMake Error at CMakeLists.txt:37 (add_executable):
[0.444s]   Cannot find source file:
[0.444s] 
[0.444s]     src/scripts/reading_laser.cpp
[0.444s] 
[0.444s]   Tried extensions .c .C .c++ .cc .cpp .cxx .cu .mpp .m .M .mm .ixx .cppm .h
[0.444s]   .hh .h++ .hm .hpp .hxx .in .txx .f .F .for .f77 .f90 .f95 .f03 .hip .ispc
[0.444s] 
[0.445s] [0m
[0.445s] [31mCMake Error at CMakeLists.txt:37 (add_executable):
[0.445s]   No SOURCES given to target: reading_laser
[0.445s] 
[0.445s] [0m
[0.445s] [0mCMake Generate step failed.  Build files cannot be regenerated correctly.[0m
[0.453s] Invoked command in '/home/gowthama/gowtham_ws/build/bot_world' returned '1': CMAKE_PREFIX_PATH=/home/gowthama/gowtham_ws/install/robot_control:/home/gowthama/gowtham_ws/install/gowtham_ros:/home/gowthama/gowtham_ws/install/bot_world:/home/gowthama/gowtham_ws/install/bot_description:/home/gowthama/ros2_ws/install/ydlidar_sdk:/home/gowthama/ros2_ws/install/ydlidar_ros2_driver:/opt/ros/humble:/home/gowthama/ros2_ws/install/custom_robot_description:/home/gowthama/ros2_ws/install/aws_robomaker_hospital_world /usr/bin/cmake /home/gowthama/gowtham_ws/src/bot_world -DCMAKE_INSTALL_PREFIX=/home/gowthama/gowtham_ws/install/bot_world
