-- Install configuration: ""
-- Execute custom install script
-- Up-to-date symlink: /home/gowthama/gowtham_ws/install/gowtham_ros/share/gowtham_ros/config/empty.yaml
-- Up-to-date symlink: /home/gowthama/gowtham_ws/install/gowtham_ros/share/gowtham_ros/description/gazebo_control.xacro
-- Up-to-date symlink: /home/gowthama/gowtham_ws/install/gowtham_ros/share/gowtham_ros/description/inertial_macros.xacro
-- Up-to-date symlink: /home/gowthama/gowtham_ws/install/gowtham_ros/share/gowtham_ros/description/lidar.xacro
-- Up-to-date symlink: /home/gowthama/gowtham_ws/install/gowtham_ros/share/gowtham_ros/description/robot.urdf.xacro
-- Up-to-date symlink: /home/gowthama/gowtham_ws/install/gowtham_ros/share/gowtham_ros/description/robot_core.xacro
-- Up-to-date symlink: /home/gowthama/gowtham_ws/install/gowtham_ros/share/gowtham_ros/launch/launch_sim.launch.py
-- Up-to-date symlink: /home/gowthama/gowtham_ws/install/gowtham_ros/share/gowtham_ros/launch/rviz.py
-- Up-to-date symlink: /home/gowthama/gowtham_ws/install/gowtham_ros/share/gowtham_ros/worlds/empty.world
-- Up-to-date symlink: /home/gowthama/gowtham_ws/install/gowtham_ros/share/ament_index/resource_index/package_run_dependencies/gowtham_ros
-- Up-to-date symlink: /home/gowthama/gowtham_ws/install/gowtham_ros/share/ament_index/resource_index/parent_prefix_path/gowtham_ros
-- Up-to-date symlink: /home/gowthama/gowtham_ws/install/gowtham_ros/share/gowtham_ros/environment/ament_prefix_path.sh
-- Up-to-date symlink: /home/gowthama/gowtham_ws/install/gowtham_ros/share/gowtham_ros/environment/ament_prefix_path.dsv
-- Up-to-date symlink: /home/gowthama/gowtham_ws/install/gowtham_ros/share/gowtham_ros/environment/path.sh
-- Up-to-date symlink: /home/gowthama/gowtham_ws/install/gowtham_ros/share/gowtham_ros/environment/path.dsv
-- Up-to-date symlink: /home/gowthama/gowtham_ws/install/gowtham_ros/share/gowtham_ros/local_setup.bash
-- Up-to-date symlink: /home/gowthama/gowtham_ws/install/gowtham_ros/share/gowtham_ros/local_setup.sh
-- Up-to-date symlink: /home/gowthama/gowtham_ws/install/gowtham_ros/share/gowtham_ros/local_setup.zsh
-- Up-to-date symlink: /home/gowthama/gowtham_ws/install/gowtham_ros/share/gowtham_ros/local_setup.dsv
-- Symlinking: /home/gowthama/gowtham_ws/install/gowtham_ros/share/gowtham_ros/package.dsv
-- Up-to-date symlink: /home/gowthama/gowtham_ws/install/gowtham_ros/share/ament_index/resource_index/packages/gowtham_ros
-- Up-to-date symlink: /home/gowthama/gowtham_ws/install/gowtham_ros/share/gowtham_ros/cmake/gowtham_rosConfig.cmake
-- Up-to-date symlink: /home/gowthama/gowtham_ws/install/gowtham_ros/share/gowtham_ros/cmake/gowtham_rosConfig-version.cmake
-- Up-to-date symlink: /home/gowthama/gowtham_ws/install/gowtham_ros/share/gowtham_ros/package.xml
