[0.016s] Invoking command in '/home/gowthama/gowtham_ws/build/bot_control': CMAKE_PREFIX_PATH=/home/gowthama/gowtham_ws/install/robot_control:/home/gowthama/gowtham_ws/install/gowtham_ros:/home/gowthama/gowtham_ws/install/bot_world:/home/gowthama/gowtham_ws/install/bot_description:/home/gowthama/ros2_ws/install/ydlidar_sdk:/home/gowthama/ros2_ws/install/ydlidar_ros2_driver:/opt/ros/humble:/home/gowthama/ros2_ws/install/custom_robot_description:/home/gowthama/ros2_ws/install/aws_robomaker_hospital_world /usr/bin/cmake --build /home/gowthama/gowtham_ws/build/bot_control -- -j12 -l12
[0.038s] -- Found ament_cmake: 1.3.11 (/opt/ros/humble/share/ament_cmake/cmake)
[0.132s] -- Override CMake install command with custom implementation using symlinks instead of copying resources
[0.138s] -- Found rclcpp: 16.0.12 (/opt/ros/humble/share/rclcpp/cmake)
[0.161s] -- Found rosidl_generator_c: 3.1.6 (/opt/ros/humble/share/rosidl_generator_c/cmake)
[0.163s] -- Found rosidl_adapter: 3.1.6 (/opt/ros/humble/share/rosidl_adapter/cmake)
[0.167s] -- Found rosidl_generator_cpp: 3.1.6 (/opt/ros/humble/share/rosidl_generator_cpp/cmake)
[0.174s] -- Using all available rosidl_typesupport_c: rosidl_typesupport_fastrtps_c;rosidl_typesupport_introspection_c
[0.184s] -- Using all available rosidl_typesupport_cpp: rosidl_typesupport_fastrtps_cpp;rosidl_typesupport_introspection_cpp
[0.208s] -- Found rmw_implementation_cmake: 6.1.2 (/opt/ros/humble/share/rmw_implementation_cmake/cmake)
[0.209s] -- Found rmw_fastrtps_cpp: 6.2.7 (/opt/ros/humble/share/rmw_fastrtps_cpp/cmake)
[0.309s] -- Using RMW implementation 'rmw_fastrtps_cpp' as default
[0.346s] -- Found geometry_msgs: 4.8.0 (/opt/ros/humble/share/geometry_msgs/cmake)
[0.356s] -- Found sensor_msgs: 4.8.0 (/opt/ros/humble/share/sensor_msgs/cmake)
[0.368s] -- Found ament_lint_auto: 0.12.12 (/opt/ros/humble/share/ament_lint_auto/cmake)
[0.425s] -- Added test 'copyright' to check source files copyright and LICENSE
[0.427s] -- Added test 'cppcheck' to perform static code analysis on C / C++ code
[0.427s] -- Configured cppcheck include dirs: 
[0.427s] -- Configured cppcheck exclude dirs and/or files: 
[0.428s] -- Added test 'cpplint' to check C / C++ code against the Google style
[0.428s] -- Configured cpplint exclude dirs and/or files: 
[0.428s] -- Added test 'flake8' to check Python code syntax and style conventions
[0.428s] -- Added test 'lint_cmake' to check CMake code style
[0.429s] -- Added test 'pep257' to check Python code against some of the docstring style conventions in PEP 257
[0.430s] -- Added test 'uncrustify' to check C / C++ code style
[0.430s] -- Configured uncrustify additional arguments: 
[0.430s] -- Added test 'xmllint' to check XML markup files
[0.431s] -- Configuring done
[0.441s] -- Generating done
[0.444s] -- Build files have been written to: /home/gowthama/gowtham_ws/build/bot_control
[0.469s] [35m[1mConsolidate compiler generated dependencies of target reading_laser[0m
[0.486s] [100%] Built target reading_laser
[0.495s] Invoked command in '/home/gowthama/gowtham_ws/build/bot_control' returned '0': CMAKE_PREFIX_PATH=/home/gowthama/gowtham_ws/install/robot_control:/home/gowthama/gowtham_ws/install/gowtham_ros:/home/gowthama/gowtham_ws/install/bot_world:/home/gowthama/gowtham_ws/install/bot_description:/home/gowthama/ros2_ws/install/ydlidar_sdk:/home/gowthama/ros2_ws/install/ydlidar_ros2_driver:/opt/ros/humble:/home/gowthama/ros2_ws/install/custom_robot_description:/home/gowthama/ros2_ws/install/aws_robomaker_hospital_world /usr/bin/cmake --build /home/gowthama/gowtham_ws/build/bot_control -- -j12 -l12
[0.496s] Invoking command in '/home/gowthama/gowtham_ws/build/bot_control': CMAKE_PREFIX_PATH=/home/gowthama/gowtham_ws/install/robot_control:/home/gowthama/gowtham_ws/install/gowtham_ros:/home/gowthama/gowtham_ws/install/bot_world:/home/gowthama/gowtham_ws/install/bot_description:/home/gowthama/ros2_ws/install/ydlidar_sdk:/home/gowthama/ros2_ws/install/ydlidar_ros2_driver:/opt/ros/humble:/home/gowthama/ros2_ws/install/custom_robot_description:/home/gowthama/ros2_ws/install/aws_robomaker_hospital_world /usr/bin/cmake --install /home/gowthama/gowtham_ws/build/bot_control
[0.503s] -- Install configuration: ""
[0.503s] -- Execute custom install script
[0.503s] -- Up-to-date symlink: /home/gowthama/gowtham_ws/install/bot_control/share/bot_control/launch/control.launch.py
[0.504s] -- Symlinking: /home/gowthama/gowtham_ws/install/bot_control/lib/bot_control/reading_laser
[0.511s] -- Symlinking: /home/gowthama/gowtham_ws/install/bot_control/share/ament_index/resource_index/package_run_dependencies/bot_control
[0.519s] -- Symlinking: /home/gowthama/gowtham_ws/install/bot_control/share/ament_index/resource_index/parent_prefix_path/bot_control
[0.527s] -- Symlinking: /home/gowthama/gowtham_ws/install/bot_control/share/bot_control/environment/ament_prefix_path.sh
[0.535s] -- Symlinking: /home/gowthama/gowtham_ws/install/bot_control/share/bot_control/environment/ament_prefix_path.dsv
[0.543s] -- Symlinking: /home/gowthama/gowtham_ws/install/bot_control/share/bot_control/environment/path.sh
[0.552s] -- Symlinking: /home/gowthama/gowtham_ws/install/bot_control/share/bot_control/environment/path.dsv
[0.560s] -- Symlinking: /home/gowthama/gowtham_ws/install/bot_control/share/bot_control/local_setup.bash
[0.568s] -- Symlinking: /home/gowthama/gowtham_ws/install/bot_control/share/bot_control/local_setup.sh
[0.575s] -- Symlinking: /home/gowthama/gowtham_ws/install/bot_control/share/bot_control/local_setup.zsh
[0.583s] -- Symlinking: /home/gowthama/gowtham_ws/install/bot_control/share/bot_control/local_setup.dsv
[0.591s] -- Symlinking: /home/gowthama/gowtham_ws/install/bot_control/share/bot_control/package.dsv
[0.598s] -- Symlinking: /home/gowthama/gowtham_ws/install/bot_control/share/ament_index/resource_index/packages/bot_control
[0.606s] -- Symlinking: /home/gowthama/gowtham_ws/install/bot_control/share/bot_control/cmake/bot_controlConfig.cmake
[0.613s] -- Symlinking: /home/gowthama/gowtham_ws/install/bot_control/share/bot_control/cmake/bot_controlConfig-version.cmake
[0.622s] -- Symlinking: /home/gowthama/gowtham_ws/install/bot_control/share/bot_control/package.xml
[0.632s] Invoked command in '/home/gowthama/gowtham_ws/build/bot_control' returned '0': CMAKE_PREFIX_PATH=/home/gowthama/gowtham_ws/install/robot_control:/home/gowthama/gowtham_ws/install/gowtham_ros:/home/gowthama/gowtham_ws/install/bot_world:/home/gowthama/gowtham_ws/install/bot_description:/home/gowthama/ros2_ws/install/ydlidar_sdk:/home/gowthama/ros2_ws/install/ydlidar_ros2_driver:/opt/ros/humble:/home/gowthama/ros2_ws/install/custom_robot_description:/home/gowthama/ros2_ws/install/aws_robomaker_hospital_world /usr/bin/cmake --install /home/gowthama/gowtham_ws/build/bot_control
