[0.015s] Invoking command in '/home/gowthama/gowtham_ws/build/gowtham_ros': CMAKE_PREFIX_PATH=/home/gowthama/gowtham_ws/install/robot_control:/home/gowthama/gowtham_ws/install/gowtham_ros:/home/gowthama/ros2_ws/install/ydlidar_sdk:/home/gowthama/ros2_ws/install/ydlidar_ros2_driver:/opt/ros/humble:/home/gowthama/ros2_ws/install/custom_robot_description:/home/gowthama/ros2_ws/install/aws_robomaker_hospital_world /usr/bin/cmake --build /home/gowthama/gowtham_ws/build/gowtham_ros -- -j12 -l12
[0.054s] -- Found ament_cmake: 1.3.11 (/opt/ros/humble/share/ament_cmake/cmake)
[0.211s] -- Override CMake install command with custom implementation using symlinks instead of copying resources
[0.230s] -- Found ament_lint_auto: 0.12.12 (/opt/ros/humble/share/ament_lint_auto/cmake)
[0.328s] -- Added test 'copyright' to check source files copyright and LICENSE
[0.339s] -- Added test 'flake8' to check Python code syntax and style conventions
[0.340s] -- Added test 'lint_cmake' to check CMake code style
[0.342s] -- Added test 'pep257' to check Python code against some of the docstring style conventions in PEP 257
[0.348s] -- Added test 'xmllint' to check XML markup files
[0.350s] -- Configuring done
[0.355s] -- Generating done
[0.357s] -- Build files have been written to: /home/gowthama/gowtham_ws/build/gowtham_ros
[0.390s] Invoked command in '/home/gowthama/gowtham_ws/build/gowtham_ros' returned '0': CMAKE_PREFIX_PATH=/home/gowthama/gowtham_ws/install/robot_control:/home/gowthama/gowtham_ws/install/gowtham_ros:/home/gowthama/ros2_ws/install/ydlidar_sdk:/home/gowthama/ros2_ws/install/ydlidar_ros2_driver:/opt/ros/humble:/home/gowthama/ros2_ws/install/custom_robot_description:/home/gowthama/ros2_ws/install/aws_robomaker_hospital_world /usr/bin/cmake --build /home/gowthama/gowtham_ws/build/gowtham_ros -- -j12 -l12
[0.404s] Invoking command in '/home/gowthama/gowtham_ws/build/gowtham_ros': CMAKE_PREFIX_PATH=/home/gowthama/gowtham_ws/install/robot_control:/home/gowthama/gowtham_ws/install/gowtham_ros:/home/gowthama/ros2_ws/install/ydlidar_sdk:/home/gowthama/ros2_ws/install/ydlidar_ros2_driver:/opt/ros/humble:/home/gowthama/ros2_ws/install/custom_robot_description:/home/gowthama/ros2_ws/install/aws_robomaker_hospital_world /usr/bin/cmake --install /home/gowthama/gowtham_ws/build/gowtham_ros
[0.413s] -- Install configuration: ""
[0.414s] -- Execute custom install script
[0.414s] -- Up-to-date symlink: /home/gowthama/gowtham_ws/install/gowtham_ros/share/gowtham_ros/config/empty.yaml
[0.415s] -- Up-to-date symlink: /home/gowthama/gowtham_ws/install/gowtham_ros/share/gowtham_ros/description/gazebo_control.xacro
[0.415s] -- Up-to-date symlink: /home/gowthama/gowtham_ws/install/gowtham_ros/share/gowtham_ros/description/inertial_macros.xacro
[0.415s] -- Up-to-date symlink: /home/gowthama/gowtham_ws/install/gowtham_ros/share/gowtham_ros/description/robot.urdf.xacro
[0.415s] -- Up-to-date symlink: /home/gowthama/gowtham_ws/install/gowtham_ros/share/gowtham_ros/description/robot_core.xacro
[0.415s] -- Up-to-date symlink: /home/gowthama/gowtham_ws/install/gowtham_ros/share/gowtham_ros/launch/launch_sim.launch.py
[0.415s] -- Up-to-date symlink: /home/gowthama/gowtham_ws/install/gowtham_ros/share/gowtham_ros/launch/rviz.py
[0.416s] -- Up-to-date symlink: /home/gowthama/gowtham_ws/install/gowtham_ros/share/gowtham_ros/worlds/empty.world
[0.416s] -- Up-to-date symlink: /home/gowthama/gowtham_ws/install/gowtham_ros/share/ament_index/resource_index/package_run_dependencies/gowtham_ros
[0.416s] -- Up-to-date symlink: /home/gowthama/gowtham_ws/install/gowtham_ros/share/ament_index/resource_index/parent_prefix_path/gowtham_ros
[0.417s] -- Up-to-date symlink: /home/gowthama/gowtham_ws/install/gowtham_ros/share/gowtham_ros/environment/ament_prefix_path.sh
[0.417s] -- Up-to-date symlink: /home/gowthama/gowtham_ws/install/gowtham_ros/share/gowtham_ros/environment/ament_prefix_path.dsv
[0.417s] -- Up-to-date symlink: /home/gowthama/gowtham_ws/install/gowtham_ros/share/gowtham_ros/environment/path.sh
[0.417s] -- Up-to-date symlink: /home/gowthama/gowtham_ws/install/gowtham_ros/share/gowtham_ros/environment/path.dsv
[0.418s] -- Up-to-date symlink: /home/gowthama/gowtham_ws/install/gowtham_ros/share/gowtham_ros/local_setup.bash
[0.418s] -- Up-to-date symlink: /home/gowthama/gowtham_ws/install/gowtham_ros/share/gowtham_ros/local_setup.sh
[0.418s] -- Up-to-date symlink: /home/gowthama/gowtham_ws/install/gowtham_ros/share/gowtham_ros/local_setup.zsh
[0.418s] -- Up-to-date symlink: /home/gowthama/gowtham_ws/install/gowtham_ros/share/gowtham_ros/local_setup.dsv
[0.419s] -- Symlinking: /home/gowthama/gowtham_ws/install/gowtham_ros/share/gowtham_ros/package.dsv
[0.432s] -- Up-to-date symlink: /home/gowthama/gowtham_ws/install/gowtham_ros/share/ament_index/resource_index/packages/gowtham_ros
[0.432s] -- Up-to-date symlink: /home/gowthama/gowtham_ws/install/gowtham_ros/share/gowtham_ros/cmake/gowtham_rosConfig.cmake
[0.432s] -- Up-to-date symlink: /home/gowthama/gowtham_ws/install/gowtham_ros/share/gowtham_ros/cmake/gowtham_rosConfig-version.cmake
[0.432s] -- Up-to-date symlink: /home/gowthama/gowtham_ws/install/gowtham_ros/share/gowtham_ros/package.xml
[0.436s] Invoked command in '/home/gowthama/gowtham_ws/build/gowtham_ros' returned '0': CMAKE_PREFIX_PATH=/home/gowthama/gowtham_ws/install/robot_control:/home/gowthama/gowtham_ws/install/gowtham_ros:/home/gowthama/ros2_ws/install/ydlidar_sdk:/home/gowthama/ros2_ws/install/ydlidar_ros2_driver:/opt/ros/humble:/home/gowthama/ros2_ws/install/custom_robot_description:/home/gowthama/ros2_ws/install/aws_robomaker_hospital_world /usr/bin/cmake --install /home/gowthama/gowtham_ws/build/gowtham_ros
