[0.013s] Invoking command in '/home/gowthama/gowtham_ws/build/bot_description': CMAKE_PREFIX_PATH=/home/gowthama/gowtham_ws/install/robot_control:/home/gowthama/gowtham_ws/install/gowtham_ros:/home/gowthama/gowtham_ws/install/bot_world:/home/gowthama/gowtham_ws/install/bot_description:/home/gowthama/ros2_ws/install/ydlidar_sdk:/home/gowthama/ros2_ws/install/ydlidar_ros2_driver:/opt/ros/humble:/home/gowthama/ros2_ws/install/custom_robot_description:/home/gowthama/ros2_ws/install/aws_robomaker_hospital_world /usr/bin/cmake --build /home/gowthama/gowtham_ws/build/bot_description -- -j12 -l12
[0.030s] -- Found ament_cmake: 1.3.11 (/opt/ros/humble/share/ament_cmake/cmake)
[0.124s] -- Override CMake install command with custom implementation using symlinks instead of copying resources
[0.129s] -- Found ament_lint_auto: 0.12.12 (/opt/ros/humble/share/ament_lint_auto/cmake)
[0.182s] -- Added test 'copyright' to check source files copyright and LICENSE
[0.193s] -- Added test 'flake8' to check Python code syntax and style conventions
[0.195s] -- Added test 'lint_cmake' to check CMake code style
[0.195s] -- Added test 'pep257' to check Python code against some of the docstring style conventions in PEP 257
[0.201s] -- Added test 'xmllint' to check XML markup files
[0.202s] -- Configuring done
[0.204s] -- Generating done
[0.206s] -- Build files have been written to: /home/gowthama/gowtham_ws/build/bot_description
[0.225s] Invoked command in '/home/gowthama/gowtham_ws/build/bot_description' returned '0': CMAKE_PREFIX_PATH=/home/gowthama/gowtham_ws/install/robot_control:/home/gowthama/gowtham_ws/install/gowtham_ros:/home/gowthama/gowtham_ws/install/bot_world:/home/gowthama/gowtham_ws/install/bot_description:/home/gowthama/ros2_ws/install/ydlidar_sdk:/home/gowthama/ros2_ws/install/ydlidar_ros2_driver:/opt/ros/humble:/home/gowthama/ros2_ws/install/custom_robot_description:/home/gowthama/ros2_ws/install/aws_robomaker_hospital_world /usr/bin/cmake --build /home/gowthama/gowtham_ws/build/bot_description -- -j12 -l12
[0.227s] Invoking command in '/home/gowthama/gowtham_ws/build/bot_description': CMAKE_PREFIX_PATH=/home/gowthama/gowtham_ws/install/robot_control:/home/gowthama/gowtham_ws/install/gowtham_ros:/home/gowthama/gowtham_ws/install/bot_world:/home/gowthama/gowtham_ws/install/bot_description:/home/gowthama/ros2_ws/install/ydlidar_sdk:/home/gowthama/ros2_ws/install/ydlidar_ros2_driver:/opt/ros/humble:/home/gowthama/ros2_ws/install/custom_robot_description:/home/gowthama/ros2_ws/install/aws_robomaker_hospital_world /usr/bin/cmake --install /home/gowthama/gowtham_ws/build/bot_description
[0.233s] -- Install configuration: ""
[0.234s] -- Execute custom install script
[0.234s] -- Up-to-date symlink: /home/gowthama/gowtham_ws/install/bot_description/share/bot_description/config/empty.yaml
[0.234s] -- Up-to-date symlink: /home/gowthama/gowtham_ws/install/bot_description/share/bot_description/description/gazebo_control.xacro
[0.234s] -- Up-to-date symlink: /home/gowthama/gowtham_ws/install/bot_description/share/bot_description/description/inertial_macros.xacro
[0.234s] -- Up-to-date symlink: /home/gowthama/gowtham_ws/install/bot_description/share/bot_description/description/robot.urdf.xacro
[0.235s] -- Up-to-date symlink: /home/gowthama/gowtham_ws/install/bot_description/share/bot_description/description/robot_core.xacro
[0.235s] -- Up-to-date symlink: /home/gowthama/gowtham_ws/install/bot_description/share/bot_description/launch/rviz.py
[0.235s] -- Up-to-date symlink: /home/gowthama/gowtham_ws/install/bot_description/share/bot_description/launch/spawn.launch.py
[0.235s] -- Up-to-date symlink: /home/gowthama/gowtham_ws/install/bot_description/share/bot_description/worlds/empty.world
[0.235s] -- Up-to-date symlink: /home/gowthama/gowtham_ws/install/bot_description/share/ament_index/resource_index/package_run_dependencies/bot_description
[0.235s] -- Up-to-date symlink: /home/gowthama/gowtham_ws/install/bot_description/share/ament_index/resource_index/parent_prefix_path/bot_description
[0.235s] -- Up-to-date symlink: /home/gowthama/gowtham_ws/install/bot_description/share/bot_description/environment/ament_prefix_path.sh
[0.235s] -- Up-to-date symlink: /home/gowthama/gowtham_ws/install/bot_description/share/bot_description/environment/ament_prefix_path.dsv
[0.236s] -- Up-to-date symlink: /home/gowthama/gowtham_ws/install/bot_description/share/bot_description/environment/path.sh
[0.236s] -- Up-to-date symlink: /home/gowthama/gowtham_ws/install/bot_description/share/bot_description/environment/path.dsv
[0.236s] -- Up-to-date symlink: /home/gowthama/gowtham_ws/install/bot_description/share/bot_description/local_setup.bash
[0.236s] -- Up-to-date symlink: /home/gowthama/gowtham_ws/install/bot_description/share/bot_description/local_setup.sh
[0.236s] -- Up-to-date symlink: /home/gowthama/gowtham_ws/install/bot_description/share/bot_description/local_setup.zsh
[0.236s] -- Up-to-date symlink: /home/gowthama/gowtham_ws/install/bot_description/share/bot_description/local_setup.dsv
[0.236s] -- Symlinking: /home/gowthama/gowtham_ws/install/bot_description/share/bot_description/package.dsv
[0.244s] -- Up-to-date symlink: /home/gowthama/gowtham_ws/install/bot_description/share/ament_index/resource_index/packages/bot_description
[0.244s] -- Up-to-date symlink: /home/gowthama/gowtham_ws/install/bot_description/share/bot_description/cmake/bot_descriptionConfig.cmake
[0.244s] -- Up-to-date symlink: /home/gowthama/gowtham_ws/install/bot_description/share/bot_description/cmake/bot_descriptionConfig-version.cmake
[0.244s] -- Up-to-date symlink: /home/gowthama/gowtham_ws/install/bot_description/share/bot_description/package.xml
[0.247s] Invoked command in '/home/gowthama/gowtham_ws/build/bot_description' returned '0': CMAKE_PREFIX_PATH=/home/gowthama/gowtham_ws/install/robot_control:/home/gowthama/gowtham_ws/install/gowtham_ros:/home/gowthama/gowtham_ws/install/bot_world:/home/gowthama/gowtham_ws/install/bot_description:/home/gowthama/ros2_ws/install/ydlidar_sdk:/home/gowthama/ros2_ws/install/ydlidar_ros2_driver:/opt/ros/humble:/home/gowthama/ros2_ws/install/custom_robot_description:/home/gowthama/ros2_ws/install/aws_robomaker_hospital_world /usr/bin/cmake --install /home/gowthama/gowtham_ws/build/bot_description
