[0.010s] Invoking command in '/home/gowthama/gowtham_ws/build/bot_world': CMAKE_PREFIX_PATH=/home/gowthama/gowtham_ws/install/robot_control:/home/gowthama/gowtham_ws/install/gowtham_ros:/home/gowthama/gowtham_ws/install/bot_world:/home/gowthama/gowtham_ws/install/bot_description:/home/gowthama/ros2_ws/install/ydlidar_sdk:/home/gowthama/ros2_ws/install/ydlidar_ros2_driver:/opt/ros/humble:/home/gowthama/ros2_ws/install/custom_robot_description:/home/gowthama/ros2_ws/install/aws_robomaker_hospital_world /usr/bin/cmake /home/gowthama/gowtham_ws/src/bot_world -DCMAKE_INSTALL_PREFIX=/home/gowthama/gowtham_ws/install/bot_world
[0.021s] -- Found ament_cmake: 1.3.11 (/opt/ros/humble/share/ament_cmake/cmake)
[0.118s] -- Override CMake install command with custom implementation using symlinks instead of copying resources
[0.124s] -- Found rclcpp: 16.0.12 (/opt/ros/humble/share/rclcpp/cmake)
[0.149s] -- Found rosidl_generator_c: 3.1.6 (/opt/ros/humble/share/rosidl_generator_c/cmake)
[0.151s] -- Found rosidl_adapter: 3.1.6 (/opt/ros/humble/share/rosidl_adapter/cmake)
[0.155s] -- Found rosidl_generator_cpp: 3.1.6 (/opt/ros/humble/share/rosidl_generator_cpp/cmake)
[0.163s] -- Using all available rosidl_typesupport_c: rosidl_typesupport_fastrtps_c;rosidl_typesupport_introspection_c
[0.173s] -- Using all available rosidl_typesupport_cpp: rosidl_typesupport_fastrtps_cpp;rosidl_typesupport_introspection_cpp
[0.199s] -- Found rmw_implementation_cmake: 6.1.2 (/opt/ros/humble/share/rmw_implementation_cmake/cmake)
[0.200s] -- Found rmw_fastrtps_cpp: 6.2.7 (/opt/ros/humble/share/rmw_fastrtps_cpp/cmake)
[0.304s] -- Using RMW implementation 'rmw_fastrtps_cpp' as default
[0.344s] -- Found geometry_msgs: 4.8.0 (/opt/ros/humble/share/geometry_msgs/cmake)
[0.356s] -- Found sensor_msgs: 4.8.0 (/opt/ros/humble/share/sensor_msgs/cmake)
[0.368s] -- Found ament_lint_auto: 0.12.12 (/opt/ros/humble/share/ament_lint_auto/cmake)
[0.424s] -- Added test 'copyright' to check source files copyright and LICENSE
[0.425s] -- Added test 'cppcheck' to perform static code analysis on C / C++ code
[0.425s] -- Configured cppcheck include dirs: 
[0.425s] -- Configured cppcheck exclude dirs and/or files: 
[0.426s] -- Added test 'cpplint' to check C / C++ code against the Google style
[0.426s] -- Configured cpplint exclude dirs and/or files: 
[0.427s] -- Added test 'flake8' to check Python code syntax and style conventions
[0.427s] -- Added test 'lint_cmake' to check CMake code style
[0.427s] -- Added test 'pep257' to check Python code against some of the docstring style conventions in PEP 257
[0.428s] -- Added test 'uncrustify' to check C / C++ code style
[0.428s] -- Configured uncrustify additional arguments: 
[0.428s] -- Added test 'xmllint' to check XML markup files
[0.429s] -- Configuring done
[0.437s] -- Generating done
[0.440s] -- Build files have been written to: /home/gowthama/gowtham_ws/build/bot_world
[0.448s] Invoked command in '/home/gowthama/gowtham_ws/build/bot_world' returned '0': CMAKE_PREFIX_PATH=/home/gowthama/gowtham_ws/install/robot_control:/home/gowthama/gowtham_ws/install/gowtham_ros:/home/gowthama/gowtham_ws/install/bot_world:/home/gowthama/gowtham_ws/install/bot_description:/home/gowthama/ros2_ws/install/ydlidar_sdk:/home/gowthama/ros2_ws/install/ydlidar_ros2_driver:/opt/ros/humble:/home/gowthama/ros2_ws/install/custom_robot_description:/home/gowthama/ros2_ws/install/aws_robomaker_hospital_world /usr/bin/cmake /home/gowthama/gowtham_ws/src/bot_world -DCMAKE_INSTALL_PREFIX=/home/gowthama/gowtham_ws/install/bot_world
[0.449s] Invoking command in '/home/gowthama/gowtham_ws/build/bot_world': CMAKE_PREFIX_PATH=/home/gowthama/gowtham_ws/install/robot_control:/home/gowthama/gowtham_ws/install/gowtham_ros:/home/gowthama/gowtham_ws/install/bot_world:/home/gowthama/gowtham_ws/install/bot_description:/home/gowthama/ros2_ws/install/ydlidar_sdk:/home/gowthama/ros2_ws/install/ydlidar_ros2_driver:/opt/ros/humble:/home/gowthama/ros2_ws/install/custom_robot_description:/home/gowthama/ros2_ws/install/aws_robomaker_hospital_world /usr/bin/cmake --build /home/gowthama/gowtham_ws/build/bot_world -- -j12 -l12
[0.484s] [35m[1mConsolidate compiler generated dependencies of target reading_laser[0m
[0.501s] [100%] Built target reading_laser
[0.512s] Invoked command in '/home/gowthama/gowtham_ws/build/bot_world' returned '0': CMAKE_PREFIX_PATH=/home/gowthama/gowtham_ws/install/robot_control:/home/gowthama/gowtham_ws/install/gowtham_ros:/home/gowthama/gowtham_ws/install/bot_world:/home/gowthama/gowtham_ws/install/bot_description:/home/gowthama/ros2_ws/install/ydlidar_sdk:/home/gowthama/ros2_ws/install/ydlidar_ros2_driver:/opt/ros/humble:/home/gowthama/ros2_ws/install/custom_robot_description:/home/gowthama/ros2_ws/install/aws_robomaker_hospital_world /usr/bin/cmake --build /home/gowthama/gowtham_ws/build/bot_world -- -j12 -l12
[0.522s] Invoking command in '/home/gowthama/gowtham_ws/build/bot_world': CMAKE_PREFIX_PATH=/home/gowthama/gowtham_ws/install/robot_control:/home/gowthama/gowtham_ws/install/gowtham_ros:/home/gowthama/gowtham_ws/install/bot_world:/home/gowthama/gowtham_ws/install/bot_description:/home/gowthama/ros2_ws/install/ydlidar_sdk:/home/gowthama/ros2_ws/install/ydlidar_ros2_driver:/opt/ros/humble:/home/gowthama/ros2_ws/install/custom_robot_description:/home/gowthama/ros2_ws/install/aws_robomaker_hospital_world /usr/bin/cmake --install /home/gowthama/gowtham_ws/build/bot_world
[0.529s] -- Install configuration: ""
[0.529s] -- Execute custom install script
[0.530s] -- Up-to-date symlink: /home/gowthama/gowtham_ws/install/bot_world/share/bot_world/launch/control.launch.py
[0.530s] -- Up-to-date symlink: /home/gowthama/gowtham_ws/install/bot_world/share/bot_world/launch/world.launch.py
[0.530s] -- Up-to-date symlink: /home/gowthama/gowtham_ws/install/bot_world/share/bot_world/worlds/obstacles.world
[0.530s] -- Up-to-date symlink: /home/gowthama/gowtham_ws/install/bot_world/lib/bot_world/reading_laser
[0.530s] -- Up-to-date symlink: /home/gowthama/gowtham_ws/install/bot_world/share/ament_index/resource_index/package_run_dependencies/bot_world
[0.530s] -- Up-to-date symlink: /home/gowthama/gowtham_ws/install/bot_world/share/ament_index/resource_index/parent_prefix_path/bot_world
[0.531s] -- Up-to-date symlink: /home/gowthama/gowtham_ws/install/bot_world/share/bot_world/environment/ament_prefix_path.sh
[0.531s] -- Up-to-date symlink: /home/gowthama/gowtham_ws/install/bot_world/share/bot_world/environment/ament_prefix_path.dsv
[0.531s] -- Up-to-date symlink: /home/gowthama/gowtham_ws/install/bot_world/share/bot_world/environment/path.sh
[0.531s] -- Up-to-date symlink: /home/gowthama/gowtham_ws/install/bot_world/share/bot_world/environment/path.dsv
[0.531s] -- Up-to-date symlink: /home/gowthama/gowtham_ws/install/bot_world/share/bot_world/local_setup.bash
[0.531s] -- Up-to-date symlink: /home/gowthama/gowtham_ws/install/bot_world/share/bot_world/local_setup.sh
[0.531s] -- Up-to-date symlink: /home/gowthama/gowtham_ws/install/bot_world/share/bot_world/local_setup.zsh
[0.531s] -- Up-to-date symlink: /home/gowthama/gowtham_ws/install/bot_world/share/bot_world/local_setup.dsv
[0.531s] -- Symlinking: /home/gowthama/gowtham_ws/install/bot_world/share/bot_world/package.dsv
[0.540s] -- Up-to-date symlink: /home/gowthama/gowtham_ws/install/bot_world/share/ament_index/resource_index/packages/bot_world
[0.540s] -- Up-to-date symlink: /home/gowthama/gowtham_ws/install/bot_world/share/bot_world/cmake/bot_worldConfig.cmake
[0.540s] -- Up-to-date symlink: /home/gowthama/gowtham_ws/install/bot_world/share/bot_world/cmake/bot_worldConfig-version.cmake
[0.541s] -- Up-to-date symlink: /home/gowthama/gowtham_ws/install/bot_world/share/bot_world/package.xml
[0.543s] Invoked command in '/home/gowthama/gowtham_ws/build/bot_world' returned '0': CMAKE_PREFIX_PATH=/home/gowthama/gowtham_ws/install/robot_control:/home/gowthama/gowtham_ws/install/gowtham_ros:/home/gowthama/gowtham_ws/install/bot_world:/home/gowthama/gowtham_ws/install/bot_description:/home/gowthama/ros2_ws/install/ydlidar_sdk:/home/gowthama/ros2_ws/install/ydlidar_ros2_driver:/opt/ros/humble:/home/gowthama/ros2_ws/install/custom_robot_description:/home/gowthama/ros2_ws/install/aws_robomaker_hospital_world /usr/bin/cmake --install /home/gowthama/gowtham_ws/build/bot_world
